Starting StockpatternApplication using Java 15.0.2 on LAPTOP-LQ543551 with PID 9980 (D:\workspace\eclipse_workspace\BackTesting\target\classes started by ashis in D:\workspace\eclipse_workspace\BackTesting)
No active profile set, falling back to default profiles: default
Tomcat initialized with port(s): 8027 (http)
Starting service [Tomcat]
Starting Servlet engine: [Apache Tomcat/9.0.46]
At least one JAR was scanned for TLDs yet contained no TLDs. Enable debug logging for this logger for a complete list of JARs that were scanned but no TLDs were found in them. Skipping unneeded JARs during scanning can improve startup time and JSP compilation time.
Initializing Spring embedded WebApplicationContext
Root WebApplicationContext: initialization completed in 1474 ms
HikariPool-1 - Starting...
Registered driver with driverClassName=com.mysql.jdbc.Driver was not found, trying direct instantiation.
HikariPool-1 - Start completed.
Tomcat started on port(s): 8027 (http) with context path ''
Started StockpatternApplication in 2.933 seconds (JVM running for 4.043)
Initializing Spring DispatcherServlet 'dispatcherServlet'
Initializing Servlet 'dispatcherServlet'
Completed initialization in 2 ms
STOCKPATTERN.......
ADANIENT|09-Oct-2019|BUY : 140.15 STOPLOSS : 133.6 TARGET 153.24997|TARGET_EXIT ON 15-Oct-2019|P/L|15.099976
ADANIENT|02-Jan-2020|BUY : 213.7 STOPLOSS : 207.0 TARGET 227.09999|STOP_LOSS ON 03-Jan-2020|P/L|-7.699997
ADANIENT|09-Jan-2020|BUY : 209.4 STOPLOSS : 201.4 TARGET 225.4|TARGET_EXIT ON 17-Jan-2020|P/L|18.0
ADANIENT|13-Jan-2020|BUY : 216.75 STOPLOSS : 209.1 TARGET 232.04999|TARGET_EXIT ON 27-Jan-2020|P/L|17.299988
ADANIENT|12-Jun-2020|BUY : 153.8 STOPLOSS : 140.5 TARGET 180.40001|TARGET_EXIT ON 29-Jul-2020|P/L|28.600006
ADANIENT|17-Jun-2020|BUY : 148.95 STOPLOSS : 142.95 TARGET 160.95|TARGET_EXIT ON 25-Jun-2020|P/L|14.0
ADANIENT|20-Jul-2020|BUY : 162.4 STOPLOSS : 151.6 TARGET 183.99997|TARGET_EXIT ON 29-Jul-2020|P/L|23.599976
ADHUNIKIND|24-Jun-2019|BUY : 78.45 STOPLOSS : 72.6 TARGET 90.149994|TARGET_EXIT ON 22-Jul-2019|P/L|13.699997
ADHUNIKIND|05-Aug-2019|BUY : 86.45 STOPLOSS : 81.5 TARGET 96.34999|STOP_LOSS ON 09-Aug-2019|P/L|-5.949997
ADHUNIKIND|20-Nov-2019|BUY : 109.2 STOPLOSS : 102.4 TARGET 122.79999|TARGET_EXIT ON 28-Nov-2019|P/L|15.599991
ADHUNIKIND|26-Nov-2019|BUY : 115.5 STOPLOSS : 111.0 TARGET 124.5|TARGET_EXIT ON 28-Nov-2019|P/L|11.0
ADORWELD|24-Apr-2019|BUY : 335.35 STOPLOSS : 329.5 TARGET 347.05002|STOP_LOSS ON 30-Apr-2019|P/L|-6.850006
ADORWELD|27-Nov-2019|BUY : 313.4 STOPLOSS : 304.75 TARGET 330.69998|STOP_LOSS ON 03-Dec-2019|P/L|-9.649994
ADORWELD|06-Feb-2020|BUY : 315.4 STOPLOSS : 303.5 TARGET 339.19998|TARGET_EXIT ON 10-Feb-2020|P/L|25.799988
ADORWELD|17-Jun-2020|BUY : 249.5 STOPLOSS : 242.15 TARGET 264.2|TARGET_EXIT ON 23-Jun-2020|P/L|16.700012
ADORWELD|19-Jun-2020|BUY : 255.5 STOPLOSS : 245.6 TARGET 275.3|TARGET_EXIT ON 24-Jun-2020|P/L|21.799988
ADORWELD|17-Jul-2020|BUY : 261.55 STOPLOSS : 251.7 TARGET 281.24997|STOP_LOSS ON 27-Jul-2020|P/L|-10.849991
ADORWELD|04-Aug-2020|BUY : 260.1 STOPLOSS : 245.45 TARGET 289.40002|STOP_LOSS ON 06-Aug-2020|P/L|-15.650009
ADORWELD|01-Feb-2021|BUY : 281.4 STOPLOSS : 266.0 TARGET 312.19998|TARGET_EXIT ON 17-Feb-2021|P/L|32.799988
ADSL|28-Jan-2021|BUY : 38.4 STOPLOSS : 34.65 TARGET 45.9|TARGET_EXIT ON 17-Mar-2021|P/L|9.5
ADSL|17-Feb-2021|BUY : 40.0 STOPLOSS : 36.15 TARGET 47.699997|TARGET_EXIT ON 17-Mar-2021|P/L|9.699997
ADSL|23-Feb-2021|BUY : 42.5 STOPLOSS : 39.15 TARGET 49.199997|TARGET_EXIT ON 18-Mar-2021|P/L|8.699997
ADSL|05-May-2021|BUY : 48.55 STOPLOSS : 45.0 TARGET 55.649998|TARGET_EXIT ON 11-May-2021|P/L|9.099998
ALBERTDAVD|30-Dec-2019|BUY : 408.5 STOPLOSS : 402.0 TARGET 421.5|TARGET_EXIT ON 01-Jan-2020|P/L|13.0
ALBERTDAVD|31-Dec-2019|BUY : 411.8 STOPLOSS : 403.0 TARGET 429.39996|TARGET_EXIT ON 02-Jan-2020|P/L|17.599976
ALBERTDAVD|08-Jan-2020|BUY : 417.5 STOPLOSS : 402.0 TARGET 448.5|TARGET_EXIT ON 13-Jan-2020|P/L|31.0
ALBERTDAVD|19-Jan-2021|BUY : 449.0 STOPLOSS : 442.75 TARGET 461.5|STOP_LOSS ON 20-Jan-2021|P/L|-6.25
APCOTEXIND|27-May-2019|BUY : 525.0 STOPLOSS : 511.0 TARGET 553.0|TARGET_EXIT ON 04-Jun-2019|P/L|28.0
APCOTEXIND|07-Aug-2020|BUY : 123.2 STOPLOSS : 112.5 TARGET 144.59999|TARGET_EXIT ON 31-Aug-2020|P/L|23.399994
APCOTEXIND|30-Sep-2020|BUY : 145.05 STOPLOSS : 139.65 TARGET 155.85002|STOP_LOSS ON 13-Oct-2020|P/L|-6.400009
APCOTEXIND|30-Dec-2020|BUY : 169.5 STOPLOSS : 156.6 TARGET 195.29999|TARGET_EXIT ON 23-Apr-2021|P/L|27.799988
APCOTEXIND|15-Jan-2021|BUY : 178.2 STOPLOSS : 166.6 TARGET 201.39998|TARGET_EXIT ON 23-Apr-2021|P/L|25.199982
APCOTEXIND|25-Jun-2021|BUY : 314.5 STOPLOSS : 301.55 TARGET 340.40002|null
APEX|12-Aug-2020|BUY : 252.5 STOPLOSS : 238.0 TARGET 281.5|TARGET_EXIT ON 20-Aug-2020|P/L|31.0
APEX|09-Sep-2020|BUY : 259.45 STOPLOSS : 250.5 TARGET 277.35004|TARGET_EXIT ON 14-Sep-2020|P/L|19.900024
APOLLOTYRE|04-Jan-2019|BUY : 234.75 STOPLOSS : 225.65 TARGET 252.95001|STOP_LOSS ON 09-Jan-2019|P/L|-10.100006
APOLLOTYRE|14-Oct-2019|BUY : 172.65 STOPLOSS : 166.0 TARGET 185.94998|TARGET_EXIT ON 29-Oct-2019|P/L|15.299988
APOLLOTYRE|15-Oct-2019|BUY : 174.3 STOPLOSS : 168.15 TARGET 186.60002|TARGET_EXIT ON 29-Oct-2019|P/L|14.300018
APOLLOTYRE|16-Oct-2019|BUY : 178.3 STOPLOSS : 172.35 TARGET 190.2|TARGET_EXIT ON 31-Oct-2019|P/L|13.899994
APOLLOTYRE|28-Jul-2020|BUY : 111.85 STOPLOSS : 106.2 TARGET 123.15|TARGET_EXIT ON 10-Aug-2020|P/L|13.300003
APOLLOTYRE|04-Aug-2020|BUY : 116.5 STOPLOSS : 108.35 TARGET 132.8|TARGET_EXIT ON 27-Aug-2020|P/L|18.300003
APOLLOTYRE|16-Oct-2020|BUY : 129.05 STOPLOSS : 123.6 TARGET 139.95001|TARGET_EXIT ON 21-Oct-2020|P/L|12.900009
APOLLOTYRE|19-Jan-2021|BUY : 191.25 STOPLOSS : 179.2 TARGET 215.35|TARGET_EXIT ON 21-Jan-2021|P/L|26.100006
APOLLOTYRE|23-Mar-2021|BUY : 231.65 STOPLOSS : 222.0 TARGET 250.94998|STOP_LOSS ON 24-Mar-2021|P/L|-10.649994
APOLLOTYRE|01-Apr-2021|BUY : 237.4 STOPLOSS : 223.55 TARGET 265.09998|STOP_LOSS ON 05-Apr-2021|P/L|-14.849991
APOLLOTYRE|28-Jun-2021|BUY : 231.5 STOPLOSS : 220.85 TARGET 252.79999|null
APOLLOTYRE|01-Jul-2021|BUY : 229.1 STOPLOSS : 224.0 TARGET 239.30002|null
ARIES|04-Jan-2019|BUY : 102.0 STOPLOSS : 98.6 TARGET 108.8|TARGET_EXIT ON 07-Jan-2019|P/L|8.800003
ARIES|29-Oct-2019|BUY : 64.5 STOPLOSS : 60.4 TARGET 72.7|STOP_LOSS ON 10-Dec-2019|P/L|-5.0999985
ARIES|04-Nov-2019|BUY : 67.0 STOPLOSS : 61.7 TARGET 77.6|STOP_LOSS ON 06-Dec-2019|P/L|-6.299999
ARIES|16-Sep-2020|BUY : 78.0 STOPLOSS : 72.7 TARGET 88.600006|TARGET_EXIT ON 17-Nov-2020|P/L|12.600006
ARIES|25-Sep-2020|BUY : 77.7 STOPLOSS : 72.8 TARGET 87.499985|TARGET_EXIT ON 17-Nov-2020|P/L|11.799988
ARIES|05-Oct-2020|BUY : 82.05 STOPLOSS : 77.0 TARGET 92.15001|STOP_LOSS ON 15-Oct-2020|P/L|-6.050003
ARIES|16-Oct-2020|BUY : 79.85 STOPLOSS : 75.6 TARGET 88.35|TARGET_EXIT ON 17-Nov-2020|P/L|10.5
ASHIANA|08-Jan-2019|BUY : 123.5 STOPLOSS : 118.15 TARGET 134.2|STOP_LOSS ON 11-Jan-2019|P/L|-6.3499985
ASHIANA|28-Jul-2020|BUY : 62.5 STOPLOSS : 57.5 TARGET 72.5|STOP_LOSS ON 03-Aug-2020|P/L|-6.0
ASHIANA|04-Aug-2020|BUY : 59.95 STOPLOSS : 55.8 TARGET 68.25|TARGET_EXIT ON 12-Aug-2020|P/L|10.299999
ASHIANA|29-Sep-2020|BUY : 75.65 STOPLOSS : 70.95 TARGET 85.05001|TARGET_EXIT ON 08-Oct-2020|P/L|11.400009
ASHIANA|16-Oct-2020|BUY : 78.0 STOPLOSS : 73.35 TARGET 87.3|TARGET_EXIT ON 18-Nov-2020|P/L|11.300003
ASHIANA|21-Oct-2020|BUY : 80.5 STOPLOSS : 75.1 TARGET 91.3|STOP_LOSS ON 29-Oct-2020|P/L|-6.4000015
ASHIANA|09-Feb-2021|BUY : 103.0 STOPLOSS : 97.55 TARGET 113.899994|TARGET_EXIT ON 24-Feb-2021|P/L|12.899994
ASHIANA|26-Apr-2021|BUY : 127.5 STOPLOSS : 122.65 TARGET 137.2|STOP_LOSS ON 27-Apr-2021|P/L|-5.8499985
BALAMINES|13-Dec-2019|BUY : 342.5 STOPLOSS : 330.3 TARGET 366.90002|TARGET_EXIT ON 30-Dec-2019|P/L|26.400024
BALAMINES|01-Jan-2021|BUY : 945.5 STOPLOSS : 926.05 TARGET 984.4|TARGET_EXIT ON 04-Jan-2021|P/L|38.900024
BALRAMCHIN|09-May-2019|BUY : 145.85 STOPLOSS : 139.5 TARGET 158.55002|STOP_LOSS ON 13-May-2019|P/L|-7.350006
BALRAMCHIN|14-May-2019|BUY : 143.1 STOPLOSS : 134.55 TARGET 160.20001|TARGET_EXIT ON 27-May-2019|P/L|19.100006
BALRAMCHIN|29-Jan-2020|BUY : 176.3 STOPLOSS : 167.9 TARGET 193.10002|STOP_LOSS ON 31-Jan-2020|P/L|-9.400009
BALRAMCHIN|07-Aug-2020|BUY : 132.85 STOPLOSS : 126.5 TARGET 145.55002|TARGET_EXIT ON 11-Aug-2020|P/L|14.700012
BALRAMCHIN|10-Aug-2020|BUY : 138.75 STOPLOSS : 130.65 TARGET 154.95001|TARGET_EXIT ON 21-Aug-2020|P/L|18.200012
BALRAMCHIN|25-Sep-2020|BUY : 149.1 STOPLOSS : 141.5 TARGET 164.30002|TARGET_EXIT ON 28-Oct-2020|P/L|17.200012
BALRAMCHIN|28-Sep-2020|BUY : 152.75 STOPLOSS : 146.45 TARGET 165.35|TARGET_EXIT ON 28-Oct-2020|P/L|14.600006
BALRAMCHIN|07-Oct-2020|BUY : 155.4 STOPLOSS : 147.85 TARGET 170.49997|TARGET_EXIT ON 01-Dec-2020|P/L|17.099976
BALRAMCHIN|13-Oct-2020|BUY : 158.8 STOPLOSS : 153.5 TARGET 169.40001|STOP_LOSS ON 15-Oct-2020|P/L|-6.300003
BALRAMCHIN|20-Oct-2020|BUY : 165.35 STOPLOSS : 152.05 TARGET 191.95001|STOP_LOSS ON 03-Nov-2020|P/L|-14.300003
BALRAMCHIN|22-Dec-2020|BUY : 170.4 STOPLOSS : 155.05 TARGET 201.09998|TARGET_EXIT ON 04-Mar-2021|P/L|32.69998
BALRAMCHIN|01-Feb-2021|BUY : 180.5 STOPLOSS : 165.0 TARGET 211.5|STOP_LOSS ON 02-Feb-2021|P/L|-16.5
BANARBEADS|03-Aug-2020|BUY : 44.2 STOPLOSS : 39.5 TARGET 53.600002|TARGET_EXIT ON 20-Aug-2020|P/L|11.400002
BANARBEADS|09-Oct-2020|BUY : 56.5 STOPLOSS : 51.7 TARGET 66.1|TARGET_EXIT ON 15-Oct-2020|P/L|11.599998
BHAGERIA|12-Jun-2020|BUY : 111.5 STOPLOSS : 101.65 TARGET 131.2|TARGET_EXIT ON 11-Aug-2020|P/L|21.699997
BHAGERIA|01-Jul-2020|BUY : 123.5 STOPLOSS : 108.5 TARGET 153.5|TARGET_EXIT ON 11-Dec-2020|P/L|32.0
BHAGERIA|04-Aug-2020|BUY : 122.1 STOPLOSS : 114.75 TARGET 136.79999|TARGET_EXIT ON 11-Aug-2020|P/L|16.69999
BHAGERIA|05-Oct-2020|BUY : 139.9 STOPLOSS : 129.5 TARGET 160.69998|STOP_LOSS ON 15-Oct-2020|P/L|-11.399994
BHAGERIA|24-Feb-2021|BUY : 172.5 STOPLOSS : 161.5 TARGET 194.5|STOP_LOSS ON 10-Mar-2021|P/L|-12.0
BRIGADE|23-Jan-2019|BUY : 213.25 STOPLOSS : 205.5 TARGET 228.75|STOP_LOSS ON 25-Jan-2019|P/L|-8.75
BRIGADE|29-Jan-2019|BUY : 212.35 STOPLOSS : 201.5 TARGET 234.05002|STOP_LOSS ON 11-Feb-2019|P/L|-11.850006
BRIGADE|20-May-2019|BUY : 249.75 STOPLOSS : 235.05 TARGET 279.15|STOP_LOSS ON 22-May-2019|P/L|-15.699997
BRIGADE|02-Aug-2019|BUY : 264.5 STOPLOSS : 251.25 TARGET 291.0|TARGET_EXIT ON 19-Aug-2019|P/L|28.5
BRIGADE|05-Aug-2019|BUY : 271.5 STOPLOSS : 257.45 TARGET 299.59998|STOP_LOSS ON 04-Jan-2021|P/L|-15.049988
BRIGADE|16-Aug-2019|BUY : 274.5 STOPLOSS : 263.0 TARGET 297.5|STOP_LOSS ON 08-Jan-2021|P/L|-12.5
BRIGADE|03-Feb-2020|BUY : 231.95 STOPLOSS : 216.0 TARGET 263.84998|STOP_LOSS ON 02-Mar-2020|P/L|-16.949997
BRIGADE|19-Feb-2020|BUY : 230.5 STOPLOSS : 224.05 TARGET 243.4|TARGET_EXIT ON 20-Feb-2020|P/L|14.899994
BRIGADE|26-Feb-2020|BUY : 239.25 STOPLOSS : 227.6 TARGET 262.55|STOP_LOSS ON 28-Feb-2020|P/L|-12.649994
BRIGADE|10-Aug-2020|BUY : 152.3 STOPLOSS : 139.4 TARGET 178.10002|TARGET_EXIT ON 27-Aug-2020|P/L|27.800018
BRIGADE|28-Sep-2020|BUY : 163.35 STOPLOSS : 158.5 TARGET 173.05002|TARGET_EXIT ON 06-Oct-2020|P/L|11.700012
BRIGADE|20-Oct-2020|BUY : 174.4 STOPLOSS : 159.5 TARGET 204.19998|TARGET_EXIT ON 05-Nov-2020|P/L|31.799988
BRIGADE|03-Feb-2021|BUY : 262.25 STOPLOSS : 247.75 TARGET 291.25|TARGET_EXIT ON 15-Feb-2021|P/L|31.0
CADILAHC|10-Jan-2019|BUY : 351.8 STOPLOSS : 345.35 TARGET 364.69995|STOP_LOSS ON 18-Jan-2019|P/L|-7.4499817
CADILAHC|14-Jan-2019|BUY : 356.4 STOPLOSS : 349.1 TARGET 370.99997|STOP_LOSS ON 18-Jan-2019|P/L|-8.299988
CADILAHC|17-Jan-2019|BUY : 358.9 STOPLOSS : 351.0 TARGET 374.69998|STOP_LOSS ON 18-Jan-2019|P/L|-8.899994
CADILAHC|15-Jan-2020|BUY : 264.35 STOPLOSS : 255.3 TARGET 282.45|STOP_LOSS ON 03-Feb-2020|P/L|-10.050003
CADILAHC|04-Feb-2020|BUY : 267.5 STOPLOSS : 258.5 TARGET 285.5|TARGET_EXIT ON 06-Feb-2020|P/L|20.0
CADILAHC|16-Jul-2020|BUY : 363.15 STOPLOSS : 351.6 TARGET 386.24997|STOP_LOSS ON 27-Jul-2020|P/L|-12.549988
CADILAHC|29-Jul-2020|BUY : 362.9 STOPLOSS : 355.5 TARGET 377.69998|TARGET_EXIT ON 31-Jul-2020|P/L|16.799988
CADILAHC|30-Jul-2020|BUY : 369.0 STOPLOSS : 360.8 TARGET 385.40002|TARGET_EXIT ON 31-Jul-2020|P/L|18.400024
CADILAHC|03-Sep-2020|BUY : 389.85 STOPLOSS : 379.35 TARGET 410.85|STOP_LOSS ON 04-Sep-2020|P/L|-11.5
CADILAHC|16-Sep-2020|BUY : 390.5 STOPLOSS : 374.6 TARGET 422.3|TARGET_EXIT ON 08-Oct-2020|P/L|33.799988
CADILAHC|25-Sep-2020|BUY : 389.6 STOPLOSS : 375.0 TARGET 418.80002|TARGET_EXIT ON 06-Oct-2020|P/L|31.200012
CAMLINFINE|15-Jan-2019|BUY : 57.95 STOPLOSS : 51.95 TARGET 69.95|STOP_LOSS ON 22-Jan-2019|P/L|-7.0
CAMLINFINE|04-Nov-2020|BUY : 101.45 STOPLOSS : 95.45 TARGET 113.45|TARGET_EXIT ON 01-Dec-2020|P/L|14.0
CAMLINFINE|19-Jan-2021|BUY : 119.35 STOPLOSS : 113.55 TARGET 130.94998|STOP_LOSS ON 21-Jan-2021|P/L|-6.7999954
CAMLINFINE|13-Apr-2021|BUY : 141.25 STOPLOSS : 132.75 TARGET 158.25|STOP_LOSS ON 19-Apr-2021|P/L|-9.5
CAMLINFINE|21-Jun-2021|BUY : 173.0 STOPLOSS : 162.65 TARGET 193.70001|TARGET_EXIT ON 30-Jun-2021|P/L|22.700012
CAMLINFINE|25-Jun-2021|BUY : 172.9 STOPLOSS : 166.6 TARGET 185.49997|TARGET_EXIT ON 30-Jun-2021|P/L|14.599976
CAMLINFINE|28-Jun-2021|BUY : 177.5 STOPLOSS : 171.2 TARGET 190.1|TARGET_EXIT ON 30-Jun-2021|P/L|14.600006
CANTABIL|16-Jan-2019|BUY : 132.5 STOPLOSS : 127.4 TARGET 142.7|TARGET_EXIT ON 22-Jan-2019|P/L|12.199997
CANTABIL|17-Jan-2019|BUY : 132.6 STOPLOSS : 127.5 TARGET 142.80002|TARGET_EXIT ON 22-Jan-2019|P/L|12.200012
CANTABIL|14-Aug-2019|BUY : 230.0 STOPLOSS : 214.5 TARGET 261.0|STOP_LOSS ON 16-Aug-2019|P/L|-16.5
CANTABIL|06-Feb-2020|BUY : 277.5 STOPLOSS : 269.5 TARGET 293.5|TARGET_EXIT ON 12-Feb-2020|P/L|18.0
CANTABIL|07-Feb-2020|BUY : 285.5 STOPLOSS : 270.85 TARGET 314.8|TARGET_EXIT ON 28-Feb-2020|P/L|31.299988
CANTABIL|26-Aug-2020|BUY : 313.5 STOPLOSS : 301.5 TARGET 337.5|STOP_LOSS ON 31-Aug-2020|P/L|-13.0
CANTABIL|03-Sep-2020|BUY : 318.5 STOPLOSS : 303.7 TARGET 348.09998|TARGET_EXIT ON 01-Dec-2020|P/L|31.599976
CANTABIL|09-Nov-2020|BUY : 334.9 STOPLOSS : 325.8 TARGET 353.1|STOP_LOSS ON 13-Nov-2020|P/L|-10.100006
CAPACITE|23-Apr-2019|BUY : 235.5 STOPLOSS : 225.0 TARGET 256.5|STOP_LOSS ON 26-Apr-2019|P/L|-11.5
CAPACITE|25-Apr-2019|BUY : 232.4 STOPLOSS : 226.1 TARGET 244.99997|STOP_LOSS ON 26-Apr-2019|P/L|-7.299988
CAPACITE|19-Nov-2019|BUY : 209.75 STOPLOSS : 196.75 TARGET 235.75|STOP_LOSS ON 03-Dec-2019|P/L|-14.0
CAPACITE|11-Aug-2020|BUY : 115.2 STOPLOSS : 100.05 TARGET 145.49998|TARGET_EXIT ON 20-Aug-2020|P/L|32.299988
CAPACITE|07-Oct-2020|BUY : 130.2 STOPLOSS : 115.7 TARGET 159.2|TARGET_EXIT ON 23-Nov-2020|P/L|31.0
CAPACITE|09-Oct-2020|BUY : 127.9 STOPLOSS : 120.0 TARGET 143.70001|TARGET_EXIT ON 23-Oct-2020|P/L|17.799988
CAPACITE|12-Oct-2020|BUY : 139.85 STOPLOSS : 124.55 TARGET 170.45001|STOP_LOSS ON 11-Nov-2020|P/L|-16.300003
CAPACITE|19-Oct-2020|BUY : 134.3 STOPLOSS : 128.0 TARGET 146.90001|TARGET_EXIT ON 23-Oct-2020|P/L|14.600006
CAPACITE|02-Feb-2021|BUY : 187.45 STOPLOSS : 176.4 TARGET 209.55|TARGET_EXIT ON 12-Feb-2021|P/L|24.100006
CESCVENT|04-Feb-2020|BUY : 327.45 STOPLOSS : 313.45 TARGET 355.45|TARGET_EXIT ON 10-Feb-2020|P/L|30.0
CESCVENT|03-Aug-2020|BUY : 178.85 STOPLOSS : 167.0 TARGET 202.55002|TARGET_EXIT ON 07-Aug-2020|P/L|25.700012
CLEDUCATE|01-Jan-2021|BUY : 66.5 STOPLOSS : 63.1 TARGET 73.3|TARGET_EXIT ON 07-Jan-2021|P/L|8.800003
CLEDUCATE|29-Apr-2021|BUY : 85.7 STOPLOSS : 80.5 TARGET 96.09999|TARGET_EXIT ON 07-Jun-2021|P/L|12.399994
CLEDUCATE|11-May-2021|BUY : 87.3 STOPLOSS : 81.5 TARGET 98.90001|TARGET_EXIT ON 07-Jun-2021|P/L|13.600006
CLEDUCATE|17-May-2021|BUY : 90.85 STOPLOSS : 86.0 TARGET 100.549995|STOP_LOSS ON 19-May-2021|P/L|-5.8499985
CLEDUCATE|24-May-2021|BUY : 88.2 STOPLOSS : 83.9 TARGET 96.79999|TARGET_EXIT ON 07-Jun-2021|P/L|10.599991
CLEDUCATE|26-May-2021|BUY : 90.35 STOPLOSS : 85.5 TARGET 100.049995|STOP_LOSS ON 01-Jun-2021|P/L|-5.8499985
CUMMINSIND|19-Jun-2020|BUY : 379.5 STOPLOSS : 370.1 TARGET 398.3|TARGET_EXIT ON 23-Jun-2020|P/L|20.799988
CUMMINSIND|20-Jul-2020|BUY : 396.5 STOPLOSS : 384.0 TARGET 421.5|TARGET_EXIT ON 10-Aug-2020|P/L|27.0
DCBBANK|25-Feb-2019|BUY : 185.5 STOPLOSS : 172.35 TARGET 211.79999|TARGET_EXIT ON 23-Apr-2019|P/L|28.299988
DCBBANK|16-Apr-2019|BUY : 204.5 STOPLOSS : 189.85 TARGET 233.79999|TARGET_EXIT ON 24-May-2019|P/L|31.299988
DCBBANK|20-Jun-2019|BUY : 230.5 STOPLOSS : 221.5 TARGET 248.5|STOP_LOSS ON 08-Jul-2019|P/L|-10.0
DCBBANK|10-Jul-2019|BUY : 235.3 STOPLOSS : 226.5 TARGET 252.90001|null
DCBBANK|11-Jul-2019|BUY : 240.5 STOPLOSS : 232.0 TARGET 257.5|null
DCBBANK|03-Aug-2020|BUY : 80.8 STOPLOSS : 76.6 TARGET 89.20001|TARGET_EXIT ON 25-Aug-2020|P/L|10.400009
DCBBANK|07-Aug-2020|BUY : 84.9 STOPLOSS : 79.8 TARGET 95.1|STOP_LOSS ON 24-Sep-2020|P/L|-6.0999985
DEEPAKNTR|24-Apr-2019|BUY : 266.85 STOPLOSS : 254.25 TARGET 292.05002|TARGET_EXIT ON 06-May-2019|P/L|27.200012
DEEPAKNTR|09-Dec-2019|BUY : 345.5 STOPLOSS : 331.0 TARGET 374.5|TARGET_EXIT ON 27-Dec-2019|P/L|31.0
DEEPAKNTR|11-Dec-2019|BUY : 340.5 STOPLOSS : 335.2 TARGET 351.09998|TARGET_EXIT ON 12-Dec-2019|P/L|12.599976
EVERESTIND|12-Jun-2020|BUY : 198.5 STOPLOSS : 182.85 TARGET 229.79999|TARGET_EXIT ON 19-Jun-2020|P/L|33.299988
EVERESTIND|30-Jul-2020|BUY : 219.85 STOPLOSS : 204.5 TARGET 250.55002|TARGET_EXIT ON 10-Aug-2020|P/L|32.700012
EVERESTIND|03-Aug-2020|BUY : 216.05 STOPLOSS : 209.5 TARGET 229.15001|TARGET_EXIT ON 10-Aug-2020|P/L|15.100006
FACT|17-Jul-2019|BUY : 40.4 STOPLOSS : 35.05 TARGET 51.100006|STOP_LOSS ON 21-Aug-2019|P/L|-6.3500023
FACT|29-May-2020|BUY : 44.2 STOPLOSS : 39.2 TARGET 54.2|TARGET_EXIT ON 10-Dec-2020|P/L|12.0
FACT|23-Jul-2020|BUY : 52.9 STOPLOSS : 47.25 TARGET 64.200005|STOP_LOSS ON 31-Jul-2020|P/L|-6.6500015
FACT|23-Dec-2020|BUY : 54.3 STOPLOSS : 49.3 TARGET 64.3|TARGET_EXIT ON 05-Jan-2021|P/L|12.000004
FACT|22-Apr-2021|BUY : 111.0 STOPLOSS : 103.4 TARGET 126.2|TARGET_EXIT ON 12-May-2021|P/L|17.199997
FACT|27-Apr-2021|BUY : 117.6 STOPLOSS : 105.0 TARGET 142.79999|TARGET_EXIT ON 16-Jun-2021|P/L|27.19999
FACT|03-May-2021|BUY : 116.0 STOPLOSS : 105.5 TARGET 137.0|TARGET_EXIT ON 16-Jun-2021|P/L|23.0
FDC|18-Jun-2019|BUY : 177.65 STOPLOSS : 169.8 TARGET 193.34998|TARGET_EXIT ON 28-Jun-2019|P/L|17.699982
FDC|25-Jun-2019|BUY : 177.3 STOPLOSS : 173.45 TARGET 185.00002|TARGET_EXIT ON 28-Jun-2019|P/L|9.700012
FDC|25-Sep-2020|BUY : 337.8 STOPLOSS : 326.75 TARGET 359.89996|TARGET_EXIT ON 28-Sep-2020|P/L|24.099976
FDC|16-Oct-2020|BUY : 349.95 STOPLOSS : 337.6 TARGET 374.65002|STOP_LOSS ON 03-Nov-2020|P/L|-13.350006
FDC|27-Oct-2020|BUY : 354.4 STOPLOSS : 339.55 TARGET 384.1|STOP_LOSS ON 30-Oct-2020|P/L|-15.850006
FEDERALBNK|02-May-2019|BUY : 96.1 STOPLOSS : 91.65 TARGET 104.99999|TARGET_EXIT ON 27-May-2019|P/L|10.899994
FEDERALBNK|14-May-2019|BUY : 99.7 STOPLOSS : 95.05 TARGET 108.999985|STOP_LOSS ON 23-Jul-2019|P/L|-5.649994
FEDERALBNK|18-Jun-2020|BUY : 48.95 STOPLOSS : 45.55 TARGET 55.750004|TARGET_EXIT ON 24-Jul-2020|P/L|8.800003
FEDERALBNK|07-Aug-2020|BUY : 55.5 STOPLOSS : 51.7 TARGET 63.1|STOP_LOSS ON 09-Sep-2020|P/L|-4.799999
FEDERALBNK|23-Dec-2020|BUY : 65.25 STOPLOSS : 60.75 TARGET 74.25|TARGET_EXIT ON 08-Jan-2021|P/L|11.0
FEDERALBNK|28-Jan-2021|BUY : 72.95 STOPLOSS : 68.55 TARGET 81.749985|TARGET_EXIT ON 04-Feb-2021|P/L|10.799988
FEDERALBNK|21-Jun-2021|BUY : 86.1 STOPLOSS : 81.4 TARGET 95.49999|null
GANESHHOUC|31-Mar-2021|BUY : 56.15 STOPLOSS : 51.4 TARGET 65.65|TARGET_EXIT ON 22-Apr-2021|P/L|11.5
GANESHHOUC|01-Jun-2021|BUY : 72.45 STOPLOSS : 67.7 TARGET 81.95|TARGET_EXIT ON 03-Jun-2021|P/L|11.5
GANGESSECU|06-Aug-2020|BUY : 33.85 STOPLOSS : 29.75 TARGET 42.049995|TARGET_EXIT ON 14-Sep-2020|P/L|10.199997
GANGESSECU|12-Aug-2020|BUY : 35.65 STOPLOSS : 31.05 TARGET 44.850006|TARGET_EXIT ON 29-Sep-2020|P/L|11.200005
GANGESSECU|18-Aug-2020|BUY : 38.05 STOPLOSS : 33.7 TARGET 46.749996|TARGET_EXIT ON 07-Oct-2020|P/L|10.699997
GANGESSECU|28-Sep-2020|BUY : 41.0 STOPLOSS : 37.7 TARGET 47.6|TARGET_EXIT ON 07-Oct-2020|P/L|8.599998
GANGESSECU|26-Oct-2020|BUY : 45.5 STOPLOSS : 41.8 TARGET 52.9|STOP_LOSS ON 29-Oct-2020|P/L|-4.700001
GANGESSECU|26-Feb-2021|BUY : 63.45 STOPLOSS : 59.0 TARGET 72.350006|STOP_LOSS ON 16-Mar-2021|P/L|-5.450001
GANGESSECU|24-Jun-2021|BUY : 74.4 STOPLOSS : 68.45 TARGET 86.30001|TARGET_EXIT ON 28-Jun-2021|P/L|13.900009
GEECEE|05-Aug-2020|BUY : 69.05 STOPLOSS : 65.5 TARGET 76.15001|TARGET_EXIT ON 07-Aug-2020|P/L|9.100006
GEECEE|12-Feb-2021|BUY : 92.5 STOPLOSS : 86.75 TARGET 104.0|TARGET_EXIT ON 01-Mar-2021|P/L|13.5
GEECEE|22-Apr-2021|BUY : 103.4 STOPLOSS : 99.4 TARGET 111.4|TARGET_EXIT ON 06-May-2021|P/L|10.0
GEEKAYWIRE|12-Jun-2020|BUY : 61.85 STOPLOSS : 57.5 TARGET 70.549995|TARGET_EXIT ON 29-Jun-2020|P/L|10.699997
GEEKAYWIRE|16-Jun-2020|BUY : 65.5 STOPLOSS : 59.6 TARGET 77.3|TARGET_EXIT ON 10-Jul-2020|P/L|13.800003
GHCL|15-May-2019|BUY : 244.35 STOPLOSS : 236.1 TARGET 260.85|STOP_LOSS ON 16-May-2019|P/L|-9.25
GHCL|11-Aug-2020|BUY : 150.9 STOPLOSS : 143.85 TARGET 164.99997|TARGET_EXIT ON 24-Aug-2020|P/L|16.099976
GHCL|09-Sep-2020|BUY : 160.0 STOPLOSS : 154.5 TARGET 171.0|TARGET_EXIT ON 16-Sep-2020|P/L|13.0
GHCL|04-Feb-2021|BUY : 216.85 STOPLOSS : 206.75 TARGET 237.05002|STOP_LOSS ON 12-Feb-2021|P/L|-11.100006
GHCL|15-Feb-2021|BUY : 212.05 STOPLOSS : 205.95 TARGET 224.25002|TARGET_EXIT ON 02-Mar-2021|P/L|14.200012
GHCL|30-Mar-2021|BUY : 228.5 STOPLOSS : 216.85 TARGET 251.79999|STOP_LOSS ON 13-Apr-2021|P/L|-12.649994
GHCL|20-Apr-2021|BUY : 232.2 STOPLOSS : 223.25 TARGET 250.09999|TARGET_EXIT ON 10-May-2021|P/L|19.899994
GHCL|22-Apr-2021|BUY : 233.4 STOPLOSS : 224.4 TARGET 251.4|TARGET_EXIT ON 10-May-2021|P/L|20.0
GHCL|26-Apr-2021|BUY : 243.4 STOPLOSS : 230.1 TARGET 269.99997|STOP_LOSS ON 28-Apr-2021|P/L|-14.299988
GHCL|30-Apr-2021|BUY : 237.4 STOPLOSS : 231.55 TARGET 249.09998|TARGET_EXIT ON 10-May-2021|P/L|13.699982
GOLDIAM|10-Jul-2019|BUY : 116.3 STOPLOSS : 108.4 TARGET 132.1|STOP_LOSS ON 16-Jul-2019|P/L|-8.900002
GOLDIAM|02-Dec-2019|BUY : 144.65 STOPLOSS : 129.6 TARGET 174.74997|STOP_LOSS ON 31-Jan-2020|P/L|-16.049988
GOLDIAM|03-Feb-2020|BUY : 149.9 STOPLOSS : 138.5 TARGET 172.69998|TARGET_EXIT ON 26-Feb-2020|P/L|24.799988
GOLDIAM|16-Oct-2020|BUY : 127.5 STOPLOSS : 120.55 TARGET 141.4|TARGET_EXIT ON 22-Oct-2020|P/L|15.899994
GOLDIAM|19-Oct-2020|BUY : 132.9 STOPLOSS : 122.75 TARGET 153.19998|TARGET_EXIT ON 23-Oct-2020|P/L|22.299988
GSFC|04-Jan-2019|BUY : 113.6 STOPLOSS : 109.55 TARGET 121.69999|STOP_LOSS ON 18-Jan-2019|P/L|-5.0499954
GSFC|06-Apr-2021|BUY : 90.95 STOPLOSS : 85.15 TARGET 102.54999|STOP_LOSS ON 12-Apr-2021|P/L|-6.7999954
GSFC|13-Apr-2021|BUY : 87.0 STOPLOSS : 82.85 TARGET 95.3|TARGET_EXIT ON 04-May-2021|P/L|10.300003
GSFC|15-Apr-2021|BUY : 88.8 STOPLOSS : 84.5 TARGET 97.40001|TARGET_EXIT ON 06-May-2021|P/L|10.600006
GSFC|16-Apr-2021|BUY : 91.95 STOPLOSS : 86.4 TARGET 103.04999|TARGET_EXIT ON 07-May-2021|P/L|13.099991
GSFC|19-Apr-2021|BUY : 89.45 STOPLOSS : 85.8 TARGET 96.749985|TARGET_EXIT ON 06-May-2021|P/L|9.299988
GSFC|30-Jun-2021|BUY : 117.2 STOPLOSS : 113.05 TARGET 125.499985|null
GULPOLY|30-Jul-2020|BUY : 39.0 STOPLOSS : 35.5 TARGET 46.0|TARGET_EXIT ON 11-Aug-2020|P/L|9.0
GULPOLY|25-Sep-2020|BUY : 53.4 STOPLOSS : 49.85 TARGET 60.500008|TARGET_EXIT ON 20-Oct-2020|P/L|9.100006
GULPOLY|30-Sep-2020|BUY : 57.75 STOPLOSS : 53.55 TARGET 66.15|TARGET_EXIT ON 21-Dec-2020|P/L|10.400002
GULPOLY|14-Oct-2020|BUY : 62.0 STOPLOSS : 56.5 TARGET 73.0|TARGET_EXIT ON 04-Nov-2020|P/L|13.0
GULPOLY|19-Oct-2020|BUY : 60.3 STOPLOSS : 56.6 TARGET 67.7|TARGET_EXIT ON 04-Nov-2020|P/L|9.399998
GULPOLY|28-Dec-2020|BUY : 80.0 STOPLOSS : 76.1 TARGET 87.8|TARGET_EXIT ON 15-Jan-2021|P/L|9.800003
GULPOLY|23-Feb-2021|BUY : 93.5 STOPLOSS : 88.65 TARGET 103.2|STOP_LOSS ON 24-Feb-2021|P/L|-5.8499985
GULPOLY|01-Mar-2021|BUY : 96.2 STOPLOSS : 92.0 TARGET 104.59999|STOP_LOSS ON 19-Mar-2021|P/L|-5.199997
HEIDELBERG|16-Jan-2019|BUY : 152.5 STOPLOSS : 148.2 TARGET 161.1|STOP_LOSS ON 23-Jan-2019|P/L|-5.300003
HEIDELBERG|17-Jan-2019|BUY : 153.5 STOPLOSS : 149.45 TARGET 161.6|STOP_LOSS ON 22-Jan-2019|P/L|-5.050003
HEIDELBERG|08-May-2019|BUY : 177.6 STOPLOSS : 171.0 TARGET 190.80002|TARGET_EXIT ON 20-May-2019|P/L|15.200012
HEIDELBERG|10-May-2019|BUY : 181.2 STOPLOSS : 174.5 TARGET 194.59999|TARGET_EXIT ON 20-May-2019|P/L|15.399994
HEIDELBERG|16-May-2019|BUY : 181.5 STOPLOSS : 175.2 TARGET 194.1|TARGET_EXIT ON 20-May-2019|P/L|14.600006
HEIDELBERG|26-Jun-2019|BUY : 196.5 STOPLOSS : 190.8 TARGET 207.9|TARGET_EXIT ON 05-Jul-2019|P/L|13.399994
HEIDELBERG|12-Jul-2019|BUY : 198.9 STOPLOSS : 190.75 TARGET 215.19998|STOP_LOSS ON 30-Jul-2019|P/L|-9.149994
HEIDELBERG|23-Jul-2019|BUY : 204.5 STOPLOSS : 193.55 TARGET 226.4|STOP_LOSS ON 30-Jul-2019|P/L|-11.949997
HEIDELBERG|28-Jul-2020|BUY : 180.5 STOPLOSS : 172.4 TARGET 196.70001|TARGET_EXIT ON 14-Aug-2020|P/L|18.200012
HEIDELBERG|29-Jan-2021|BUY : 223.15 STOPLOSS : 216.7 TARGET 236.04999|TARGET_EXIT ON 04-Feb-2021|P/L|14.899994
HEIDELBERG|26-Feb-2021|BUY : 234.7 STOPLOSS : 227.5 TARGET 249.09999|STOP_LOSS ON 01-Mar-2021|P/L|-8.199997
HIMATSEIDE|22-Jul-2020|BUY : 65.4 STOPLOSS : 59.5 TARGET 77.200005|TARGET_EXIT ON 10-Aug-2020|P/L|13.800003
HIMATSEIDE|29-Jul-2020|BUY : 65.4 STOPLOSS : 61.0 TARGET 74.200005|TARGET_EXIT ON 10-Aug-2020|P/L|10.800003
HIMATSEIDE|25-Sep-2020|BUY : 82.0 STOPLOSS : 77.2 TARGET 91.600006|TARGET_EXIT ON 01-Oct-2020|P/L|11.600006
HIMATSEIDE|26-Nov-2020|BUY : 123.5 STOPLOSS : 117.0 TARGET 136.5|TARGET_EXIT ON 08-Dec-2020|P/L|15.0
HIMATSEIDE|28-Jan-2021|BUY : 142.5 STOPLOSS : 133.5 TARGET 160.5|TARGET_EXIT ON 17-Feb-2021|P/L|20.0
HIMATSEIDE|29-Jan-2021|BUY : 148.95 STOPLOSS : 138.5 TARGET 169.84999|TARGET_EXIT ON 17-Feb-2021|P/L|22.899994
HIMATSEIDE|01-Feb-2021|BUY : 152.95 STOPLOSS : 141.1 TARGET 176.64998|STOP_LOSS ON 25-Mar-2021|P/L|-12.849991
HIMATSEIDE|22-Mar-2021|BUY : 158.3 STOPLOSS : 149.5 TARGET 175.90001|STOP_LOSS ON 25-Mar-2021|P/L|-9.800003
HINDOILEXP|16-Jan-2019|BUY : 127.45 STOPLOSS : 118.8 TARGET 144.74998|STOP_LOSS ON 22-Jan-2019|P/L|-9.649994
HINDOILEXP|17-Jul-2020|BUY : 64.25 STOPLOSS : 60.45 TARGET 71.85|TARGET_EXIT ON 05-Aug-2020|P/L|9.599998
HINDOILEXP|23-Jul-2020|BUY : 68.3 STOPLOSS : 63.25 TARGET 78.40001|TARGET_EXIT ON 07-Aug-2020|P/L|12.100006
HINDOILEXP|03-Aug-2020|BUY : 68.35 STOPLOSS : 64.15 TARGET 76.74999|TARGET_EXIT ON 07-Aug-2020|P/L|10.399994
HINDOILEXP|04-Aug-2020|BUY : 71.7 STOPLOSS : 67.35 TARGET 80.399994|TARGET_EXIT ON 07-Aug-2020|P/L|10.699997
HINDOILEXP|09-Apr-2021|BUY : 100.75 STOPLOSS : 97.0 TARGET 108.25|STOP_LOSS ON 12-Apr-2021|P/L|-4.75
HINDZINC|04-Jan-2019|BUY : 272.95 STOPLOSS : 267.5 TARGET 283.85004|STOP_LOSS ON 21-Jan-2019|P/L|-6.450012
HINDZINC|28-May-2020|BUY : 169.5 STOPLOSS : 164.0 TARGET 180.5|TARGET_EXIT ON 18-Jun-2020|P/L|13.0
HINDZINC|29-May-2020|BUY : 172.8 STOPLOSS : 166.15 TARGET 186.10002|TARGET_EXIT ON 22-Jun-2020|P/L|15.300018
HINDZINC|12-Jun-2020|BUY : 176.5 STOPLOSS : 166.35 TARGET 196.79999|TARGET_EXIT ON 26-Jun-2020|P/L|22.299988
HINDZINC|10-Sep-2020|BUY : 222.95 STOPLOSS : 217.5 TARGET 233.84999|TARGET_EXIT ON 11-Sep-2020|P/L|12.899994
HINDZINC|21-Jun-2021|BUY : 335.4 STOPLOSS : 322.0 TARGET 362.19998|null
HITECH|23-Jan-2019|BUY : 209.5 STOPLOSS : 196.45 TARGET 235.6|STOP_LOSS ON 24-Jan-2019|P/L|-14.050003
HITECH|03-Aug-2020|BUY : 112.6 STOPLOSS : 104.5 TARGET 128.79999|TARGET_EXIT ON 18-Aug-2020|P/L|18.19999
HITECH|06-Aug-2020|BUY : 111.9 STOPLOSS : 106.5 TARGET 122.700005|TARGET_EXIT ON 17-Aug-2020|P/L|12.800003
HITECH|10-Aug-2020|BUY : 112.5 STOPLOSS : 107.1 TARGET 123.3|TARGET_EXIT ON 17-Aug-2020|P/L|12.800003
HITECH|15-Sep-2020|BUY : 125.4 STOPLOSS : 115.5 TARGET 145.20001|STOP_LOSS ON 21-Sep-2020|P/L|-10.900002
HITECH|17-May-2021|BUY : 378.2 STOPLOSS : 362.5 TARGET 409.60004|TARGET_EXIT ON 24-May-2021|P/L|33.400024
HOVS|10-Mar-2021|BUY : 43.25 STOPLOSS : 39.2 TARGET 51.35|TARGET_EXIT ON 20-May-2021|P/L|10.099998
HOVS|03-May-2021|BUY : 47.65 STOPLOSS : 42.7 TARGET 57.550003|TARGET_EXIT ON 25-May-2021|P/L|11.900002
HSIL|10-Feb-2020|BUY : 54.6 STOPLOSS : 50.1 TARGET 63.6|TARGET_EXIT ON 14-Feb-2020|P/L|11.0
HSIL|27-Feb-2020|BUY : 55.5 STOPLOSS : 50.0 TARGET 66.5|STOP_LOSS ON 06-Mar-2020|P/L|-6.5
HSIL|18-Jun-2020|BUY : 53.2 STOPLOSS : 47.5 TARGET 64.600006|TARGET_EXIT ON 20-Aug-2020|P/L|13.400005
HSIL|09-Sep-2020|BUY : 62.45 STOPLOSS : 57.75 TARGET 71.850006|TARGET_EXIT ON 17-Sep-2020|P/L|11.400005
IBREALEST|13-Jun-2019|BUY : 122.4 STOPLOSS : 108.3 TARGET 150.6|STOP_LOSS ON 19-Jun-2019|P/L|-15.099998
IBREALEST|12-Dec-2019|BUY : 60.9 STOPLOSS : 56.05 TARGET 70.600006|TARGET_EXIT ON 02-Mar-2020|P/L|11.700005
IBREALEST|13-Dec-2019|BUY : 62.75 STOPLOSS : 58.1 TARGET 72.05|TARGET_EXIT ON 02-Mar-2020|P/L|11.300003
IBREALEST|10-Aug-2020|BUY : 59.3 STOPLOSS : 53.4 TARGET 71.09999|TARGET_EXIT ON 18-Aug-2020|P/L|13.799992
IBREALEST|02-Sep-2020|BUY : 64.85 STOPLOSS : 60.55 TARGET 73.45|STOP_LOSS ON 09-Sep-2020|P/L|-5.299999
IBREALEST|11-Sep-2020|BUY : 62.2 STOPLOSS : 57.9 TARGET 70.8|STOP_LOSS ON 21-Sep-2020|P/L|-5.299999
IBREALEST|03-Feb-2021|BUY : 83.1 STOPLOSS : 77.7 TARGET 93.9|TARGET_EXIT ON 01-Mar-2021|P/L|12.800003
IGL|14-Feb-2019|BUY : 284.95 STOPLOSS : 269.55 TARGET 315.75006|TARGET_EXIT ON 08-Apr-2019|P/L|32.80005
IGL|08-May-2019|BUY : 314.4 STOPLOSS : 305.4 TARGET 332.4|STOP_LOSS ON 13-May-2019|P/L|-10.0
IGL|17-May-2019|BUY : 308.65 STOPLOSS : 296.65 TARGET 332.65|TARGET_EXIT ON 27-May-2019|P/L|26.0
IGL|20-May-2019|BUY : 316.5 STOPLOSS : 307.05 TARGET 335.40002|STOP_LOSS ON 21-May-2019|P/L|-10.450012
IGL|24-May-2019|BUY : 316.35 STOPLOSS : 306.5 TARGET 336.05002|TARGET_EXIT ON 27-May-2019|P/L|21.700012
IGL|08-Jan-2020|BUY : 420.0 STOPLOSS : 406.0 TARGET 448.0|TARGET_EXIT ON 15-Jan-2020|P/L|28.0
IGL|14-Jan-2020|BUY : 428.5 STOPLOSS : 419.0 TARGET 447.5|TARGET_EXIT ON 15-Jan-2020|P/L|19.0
IMPAL|12-Jun-2020|BUY : 503.0 STOPLOSS : 486.05 TARGET 536.9|TARGET_EXIT ON 12-Aug-2020|P/L|33.900024
IMPAL|17-Jun-2020|BUY : 501.0 STOPLOSS : 490.0 TARGET 523.0|TARGET_EXIT ON 23-Jun-2020|P/L|22.0
IMPAL|28-Sep-2020|BUY : 556.0 STOPLOSS : 544.0 TARGET 580.0|TARGET_EXIT ON 06-Oct-2020|P/L|24.0
IMPAL|30-Sep-2020|BUY : 556.0 STOPLOSS : 545.15 TARGET 577.69995|TARGET_EXIT ON 06-Oct-2020|P/L|21.699951
IMPAL|01-Oct-2020|BUY : 557.0 STOPLOSS : 545.5 TARGET 580.0|TARGET_EXIT ON 06-Oct-2020|P/L|23.0
IMPAL|05-Oct-2020|BUY : 557.0 STOPLOSS : 549.05 TARGET 572.9|TARGET_EXIT ON 06-Oct-2020|P/L|15.900024
INDSWFTLAB|21-Oct-2020|BUY : 49.1 STOPLOSS : 43.5 TARGET 60.299995|TARGET_EXIT ON 20-Nov-2020|P/L|13.199997
INDSWFTLAB|23-Dec-2020|BUY : 58.75 STOPLOSS : 55.0 TARGET 66.25|TARGET_EXIT ON 05-Jan-2021|P/L|9.5
INDSWFTLAB|01-Jan-2021|BUY : 65.85 STOPLOSS : 60.55 TARGET 76.45|TARGET_EXIT ON 07-Jan-2021|P/L|12.599998
INDSWFTLAB|08-Feb-2021|BUY : 72.9 STOPLOSS : 68.8 TARGET 81.1|TARGET_EXIT ON 15-Mar-2021|P/L|10.199997
INDSWFTLAB|23-Feb-2021|BUY : 76.85 STOPLOSS : 72.5 TARGET 85.549995|TARGET_EXIT ON 16-Mar-2021|P/L|10.699997
INDSWFTLAB|08-Mar-2021|BUY : 79.0 STOPLOSS : 74.3 TARGET 88.399994|STOP_LOSS ON 25-Mar-2021|P/L|-5.699997
INOXWIND|12-Jun-2020|BUY : 31.0 STOPLOSS : 27.0 TARGET 39.0|TARGET_EXIT ON 23-Jun-2020|P/L|10.0
INOXWIND|07-Aug-2020|BUY : 41.0 STOPLOSS : 35.65 TARGET 51.699997|STOP_LOSS ON 24-Sep-2020|P/L|-6.3499985
INOXWIND|27-Jan-2021|BUY : 65.95 STOPLOSS : 61.3 TARGET 75.24999|TARGET_EXIT ON 24-Mar-2021|P/L|11.299995
INOXWIND|28-Jan-2021|BUY : 66.7 STOPLOSS : 62.05 TARGET 75.99999|TARGET_EXIT ON 24-Mar-2021|P/L|11.299995
ITI|10-Jan-2019|BUY : 95.0 STOPLOSS : 90.3 TARGET 104.399994|TARGET_EXIT ON 16-Jan-2019|P/L|11.399994
ITI|15-Jan-2019|BUY : 95.95 STOPLOSS : 90.6 TARGET 106.649994|TARGET_EXIT ON 16-Jan-2019|P/L|12.699997
JAYBARMARU|13-Dec-2019|BUY : 225.7 STOPLOSS : 215.5 TARGET 246.09999|TARGET_EXIT ON 20-Jan-2020|P/L|22.399994
JAYBARMARU|09-Jan-2020|BUY : 232.35 STOPLOSS : 222.25 TARGET 252.55002|TARGET_EXIT ON 21-Jan-2020|P/L|22.200012
JAYBARMARU|28-Jul-2020|BUY : 179.7 STOPLOSS : 169.95 TARGET 199.2|STOP_LOSS ON 30-Jul-2020|P/L|-10.75
JAYBARMARU|04-Aug-2020|BUY : 182.5 STOPLOSS : 174.5 TARGET 198.5|TARGET_EXIT ON 10-Aug-2020|P/L|18.0
JAYBARMARU|05-Aug-2020|BUY : 188.0 STOPLOSS : 179.4 TARGET 205.20001|TARGET_EXIT ON 07-Aug-2020|P/L|19.200012
JAYBARMARU|25-Sep-2020|BUY : 209.0 STOPLOSS : 193.5 TARGET 240.0|TARGET_EXIT ON 24-Nov-2020|P/L|33.0
JAYBARMARU|19-Jan-2021|BUY : 252.7 STOPLOSS : 242.3 TARGET 273.5|STOP_LOSS ON 25-Jan-2021|P/L|-11.399994
JBCHEPHARM|22-Jan-2019|BUY : 313.4 STOPLOSS : 302.5 TARGET 335.19998|STOP_LOSS ON 13-Feb-2019|P/L|-11.899994
JBCHEPHARM|18-Feb-2019|BUY : 316.25 STOPLOSS : 307.35 TARGET 334.05|TARGET_EXIT ON 25-Feb-2019|P/L|19.799988
JBCHEPHARM|19-Feb-2019|BUY : 322.55 STOPLOSS : 308.05 TARGET 351.55|TARGET_EXIT ON 27-Mar-2019|P/L|31.0
JBCHEPHARM|26-Jun-2019|BUY : 366.85 STOPLOSS : 353.65 TARGET 393.25003|TARGET_EXIT ON 13-Sep-2019|P/L|28.400024
JBCHEPHARM|27-Jun-2019|BUY : 370.4 STOPLOSS : 358.05 TARGET 395.1|TARGET_EXIT ON 13-Sep-2019|P/L|26.700012
JBCHEPHARM|05-Jul-2019|BUY : 367.6 STOPLOSS : 359.5 TARGET 383.80002|TARGET_EXIT ON 30-Aug-2019|P/L|18.200012
JBCHEPHARM|08-Jul-2019|BUY : 369.65 STOPLOSS : 361.5 TARGET 385.94998|STOP_LOSS ON 12-Jul-2019|P/L|-9.149994
JBCHEPHARM|09-Jul-2019|BUY : 376.2 STOPLOSS : 362.5 TARGET 403.60004|STOP_LOSS ON 12-Jul-2019|P/L|-14.700012
JBCHEPHARM|25-Jul-2019|BUY : 373.5 STOPLOSS : 366.5 TARGET 387.5|STOP_LOSS ON 02-Aug-2019|P/L|-8.0
JBMA|03-Aug-2020|BUY : 202.5 STOPLOSS : 188.75 TARGET 230.0|TARGET_EXIT ON 05-Aug-2020|P/L|29.5
JBMA|04-Aug-2020|BUY : 210.2 STOPLOSS : 195.6 TARGET 239.39998|TARGET_EXIT ON 05-Aug-2020|P/L|31.199982
JBMA|23-Dec-2020|BUY : 264.9 STOPLOSS : 251.5 TARGET 291.69998|TARGET_EXIT ON 06-Jan-2021|P/L|28.799988
JINDALSAW|04-Aug-2020|BUY : 58.65 STOPLOSS : 55.15 TARGET 65.65|TARGET_EXIT ON 19-Aug-2020|P/L|9.0
JINDALSAW|05-Aug-2020|BUY : 59.0 STOPLOSS : 54.8 TARGET 67.4|TARGET_EXIT ON 19-Aug-2020|P/L|10.400002
JINDALSAW|06-Aug-2020|BUY : 61.3 STOPLOSS : 56.75 TARGET 70.399994|TARGET_EXIT ON 17-Sep-2020|P/L|11.099995
JINDALSAW|07-Aug-2020|BUY : 62.75 STOPLOSS : 58.15 TARGET 71.95|TARGET_EXIT ON 17-Sep-2020|P/L|11.199997
JINDALSAW|02-Sep-2020|BUY : 65.5 STOPLOSS : 61.6 TARGET 73.3|STOP_LOSS ON 22-Sep-2020|P/L|-4.9000015
JINDALSAW|03-Feb-2021|BUY : 78.0 STOPLOSS : 73.2 TARGET 87.600006|STOP_LOSS ON 10-Feb-2021|P/L|-5.800003
JMCPROJECT|14-Jan-2019|BUY : 90.15 STOPLOSS : 86.1 TARGET 98.25001|TARGET_EXIT ON 05-Mar-2019|P/L|10.100006
JMCPROJECT|20-Feb-2019|BUY : 95.0 STOPLOSS : 89.4 TARGET 106.2|TARGET_EXIT ON 08-Mar-2019|P/L|13.199997
JMCPROJECT|22-Feb-2019|BUY : 96.5 STOPLOSS : 91.15 TARGET 107.2|STOP_LOSS ON 27-Feb-2019|P/L|-6.3499985
JMCPROJECT|10-May-2019|BUY : 116.4 STOPLOSS : 112.4 TARGET 124.4|STOP_LOSS ON 13-May-2019|P/L|-5.0
JMCPROJECT|11-Jul-2019|BUY : 132.3 STOPLOSS : 124.65 TARGET 147.6|STOP_LOSS ON 19-Jul-2019|P/L|-8.650002
JMCPROJECT|15-Jul-2019|BUY : 135.3 STOPLOSS : 126.55 TARGET 152.8|STOP_LOSS ON 18-Jul-2019|P/L|-9.75
JMCPROJECT|01-Feb-2021|BUY : 69.0 STOPLOSS : 64.0 TARGET 79.0|TARGET_EXIT ON 24-Feb-2021|P/L|12.0
JMCPROJECT|02-Feb-2021|BUY : 73.45 STOPLOSS : 67.9 TARGET 84.54999|TARGET_EXIT ON 24-Feb-2021|P/L|13.099991
JSWENERGY|14-Oct-2020|BUY : 61.45 STOPLOSS : 56.2 TARGET 71.95|TARGET_EXIT ON 12-Jan-2021|P/L|12.499996
JSWENERGY|22-Dec-2020|BUY : 69.3 STOPLOSS : 63.5 TARGET 80.90001|TARGET_EXIT ON 02-Mar-2021|P/L|13.600006
JSWENERGY|10-Feb-2021|BUY : 74.5 STOPLOSS : 69.95 TARGET 83.600006|TARGET_EXIT ON 02-Mar-2021|P/L|11.100006
JSWENERGY|01-Mar-2021|BUY : 75.9 STOPLOSS : 71.4 TARGET 84.9|TARGET_EXIT ON 02-Mar-2021|P/L|11.0
JSWSTEEL|18-Apr-2019|BUY : 301.8 STOPLOSS : 286.0 TARGET 333.39996|STOP_LOSS ON 25-Apr-2019|P/L|-16.799988
JSWSTEEL|24-Apr-2019|BUY : 293.5 STOPLOSS : 285.9 TARGET 308.7|TARGET_EXIT ON 02-May-2019|P/L|17.200012
JSWSTEEL|26-Apr-2019|BUY : 299.5 STOPLOSS : 285.6 TARGET 327.3|STOP_LOSS ON 08-May-2019|P/L|-14.899994
JSWSTEEL|24-Jan-2020|BUY : 274.4 STOPLOSS : 264.8 TARGET 293.6|STOP_LOSS ON 27-Jan-2020|P/L|-10.600006
JSWSTEEL|12-Jun-2020|BUY : 190.7 STOPLOSS : 174.95 TARGET 222.2|TARGET_EXIT ON 03-Aug-2020|P/L|33.5
JSWSTEEL|25-Sep-2020|BUY : 270.95 STOPLOSS : 258.3 TARGET 296.25006|TARGET_EXIT ON 16-Oct-2020|P/L|27.300049
JSWSTEEL|28-Sep-2020|BUY : 279.3 STOPLOSS : 268.65 TARGET 300.59998|TARGET_EXIT ON 16-Oct-2020|P/L|23.299988
JSWSTEEL|28-Jan-2021|BUY : 381.35 STOPLOSS : 369.1 TARGET 405.85|STOP_LOSS ON 29-Jan-2021|P/L|-13.25
KALPATPOWR|23-Jan-2019|BUY : 381.5 STOPLOSS : 371.9 TARGET 400.7|STOP_LOSS ON 25-Jan-2019|P/L|-10.600006
KALPATPOWR|17-Jul-2019|BUY : 517.0 STOPLOSS : 507.6 TARGET 535.8|STOP_LOSS ON 19-Jul-2019|P/L|-9.399994
KALPATPOWR|12-Jun-2020|BUY : 211.45 STOPLOSS : 197.5 TARGET 239.34999|TARGET_EXIT ON 06-Jul-2020|P/L|29.899994
KALPATPOWR|17-Jun-2020|BUY : 208.25 STOPLOSS : 200.8 TARGET 223.15|TARGET_EXIT ON 24-Jun-2020|P/L|16.899994
KALPATPOWR|19-Jun-2020|BUY : 218.5 STOPLOSS : 204.7 TARGET 246.1|TARGET_EXIT ON 06-Jul-2020|P/L|29.600006
KALPATPOWR|01-Feb-2021|BUY : 324.4 STOPLOSS : 308.65 TARGET 355.9|TARGET_EXIT ON 04-Feb-2021|P/L|33.5
KIRLOSBROS|23-Jul-2020|BUY : 121.5 STOPLOSS : 110.1 TARGET 144.3|STOP_LOSS ON 28-Jul-2020|P/L|-12.400002
KIRLOSBROS|23-Dec-2020|BUY : 125.15 STOPLOSS : 117.1 TARGET 141.25|TARGET_EXIT ON 06-Jan-2021|P/L|18.099998
KIRLOSBROS|31-Dec-2020|BUY : 131.4 STOPLOSS : 125.55 TARGET 143.09998|TARGET_EXIT ON 13-Jan-2021|P/L|13.699982
KIRLOSBROS|04-Jan-2021|BUY : 133.65 STOPLOSS : 126.45 TARGET 148.04999|TARGET_EXIT ON 13-Jan-2021|P/L|16.399994
KIRLOSBROS|28-Jan-2021|BUY : 138.4 STOPLOSS : 131.5 TARGET 152.19998|TARGET_EXIT ON 04-Feb-2021|P/L|15.799988
KIRLOSENG|12-Jul-2019|BUY : 186.5 STOPLOSS : 178.5 TARGET 202.5|STOP_LOSS ON 22-Jul-2019|P/L|-9.0
KIRLOSENG|15-Jul-2019|BUY : 192.3 STOPLOSS : 181.6 TARGET 213.7|STOP_LOSS ON 19-Jul-2019|P/L|-11.699997
KIRLOSENG|23-Dec-2020|BUY : 118.0 STOPLOSS : 110.2 TARGET 133.6|TARGET_EXIT ON 08-Jan-2021|P/L|17.600006
KIRLOSENG|01-Feb-2021|BUY : 128.5 STOPLOSS : 122.15 TARGET 141.2|TARGET_EXIT ON 05-Feb-2021|P/L|14.699997
KIRLOSENG|03-Feb-2021|BUY : 132.15 STOPLOSS : 125.6 TARGET 145.24998|TARGET_EXIT ON 08-Feb-2021|P/L|15.099991
KIRLOSENG|20-Apr-2021|BUY : 168.0 STOPLOSS : 158.75 TARGET 186.5|TARGET_EXIT ON 04-May-2021|P/L|20.5
KOPRAN|12-Jun-2020|BUY : 34.3 STOPLOSS : 28.6 TARGET 45.699997|TARGET_EXIT ON 31-Jul-2020|P/L|13.399998
KOPRAN|22-Dec-2020|BUY : 127.5 STOPLOSS : 121.1 TARGET 140.3|TARGET_EXIT ON 29-Dec-2020|P/L|14.800003
KOPRAN|23-Dec-2020|BUY : 131.1 STOPLOSS : 124.0 TARGET 145.30002|STOP_LOSS ON 14-Jan-2021|P/L|-8.100006
KOPRAN|24-Dec-2020|BUY : 131.75 STOPLOSS : 127.15 TARGET 140.95|TARGET_EXIT ON 29-Dec-2020|P/L|11.199997
KOPRAN|25-Jun-2021|BUY : 204.5 STOPLOSS : 192.3 TARGET 228.9|TARGET_EXIT ON 30-Jun-2021|P/L|26.399994
KPITTECH|03-Oct-2019|BUY : 98.2 STOPLOSS : 92.65 TARGET 109.29999|STOP_LOSS ON 04-Oct-2019|P/L|-6.5499954
KPITTECH|07-Oct-2019|BUY : 96.3 STOPLOSS : 92.4 TARGET 104.100006|STOP_LOSS ON 31-Oct-2019|P/L|-4.9000015
KPITTECH|22-Oct-2019|BUY : 100.4 STOPLOSS : 94.8 TARGET 111.6|STOP_LOSS ON 29-Oct-2019|P/L|-6.5999985
KPITTECH|04-Aug-2020|BUY : 68.2 STOPLOSS : 62.6 TARGET 79.399994|TARGET_EXIT ON 10-Aug-2020|P/L|13.199997
KPITTECH|23-Feb-2021|BUY : 142.15 STOPLOSS : 130.0 TARGET 166.44998|TARGET_EXIT ON 09-Mar-2021|P/L|26.299988
KPITTECH|24-Feb-2021|BUY : 145.4 STOPLOSS : 135.55 TARGET 165.09998|TARGET_EXIT ON 09-Mar-2021|P/L|21.699982
KPITTECH|08-Mar-2021|BUY : 149.0 STOPLOSS : 138.25 TARGET 170.5|TARGET_EXIT ON 10-Mar-2021|P/L|23.5
LIBERTSHOE|08-Jan-2020|BUY : 136.9 STOPLOSS : 130.2 TARGET 150.29999|TARGET_EXIT ON 15-Jan-2020|P/L|15.399994
LIBERTSHOE|30-Jul-2020|BUY : 141.5 STOPLOSS : 129.95 TARGET 164.6|TARGET_EXIT ON 27-Aug-2020|P/L|25.100006
LIBERTSHOE|05-Aug-2020|BUY : 143.2 STOPLOSS : 134.15 TARGET 161.3|TARGET_EXIT ON 28-Aug-2020|P/L|20.100006
LIBERTSHOE|11-Sep-2020|BUY : 150.5 STOPLOSS : 140.8 TARGET 169.9|STOP_LOSS ON 21-Sep-2020|P/L|-10.699997
LICHSGFIN|26-Dec-2019|BUY : 429.65 STOPLOSS : 420.0 TARGET 448.94998|TARGET_EXIT ON 02-Jan-2020|P/L|19.299988
LICHSGFIN|09-Jan-2020|BUY : 441.45 STOPLOSS : 426.0 TARGET 472.35004|TARGET_EXIT ON 16-Jan-2020|P/L|30.900024
LICHSGFIN|10-Jun-2020|BUY : 268.5 STOPLOSS : 254.0 TARGET 297.5|TARGET_EXIT ON 25-Aug-2020|P/L|31.0
LICHSGFIN|28-Sep-2020|BUY : 284.2 STOPLOSS : 271.5 TARGET 309.60004|TARGET_EXIT ON 09-Oct-2020|P/L|27.400024
LICHSGFIN|21-Oct-2020|BUY : 302.4 STOPLOSS : 291.85 TARGET 323.49997|STOP_LOSS ON 27-Oct-2020|P/L|-11.549988
LUMAXTECH|17-Oct-2019|BUY : 91.5 STOPLOSS : 86.45 TARGET 101.600006|TARGET_EXIT ON 05-Nov-2019|P/L|12.100006
LUMAXTECH|16-Dec-2019|BUY : 97.45 STOPLOSS : 92.6 TARGET 107.149994|STOP_LOSS ON 19-Dec-2019|P/L|-5.8499985
LUMAXTECH|04-Feb-2020|BUY : 114.5 STOPLOSS : 101.4 TARGET 140.7|STOP_LOSS ON 18-Feb-2020|P/L|-14.099998
LUMAXTECH|18-Jun-2020|BUY : 74.5 STOPLOSS : 70.75 TARGET 82.0|TARGET_EXIT ON 22-Jun-2020|P/L|9.5
LUMAXTECH|10-Feb-2021|BUY : 131.15 STOPLOSS : 127.1 TARGET 139.24998|TARGET_EXIT ON 19-Feb-2021|P/L|10.099991
MANAPPURAM|05-Feb-2019|BUY : 94.9 STOPLOSS : 90.35 TARGET 104.00001|TARGET_EXIT ON 13-Feb-2019|P/L|11.100006
MANAPPURAM|16-Jul-2019|BUY : 137.75 STOPLOSS : 126.7 TARGET 159.85|STOP_LOSS ON 19-Jul-2019|P/L|-12.050003
MANAPPURAM|04-Dec-2019|BUY : 157.8 STOPLOSS : 151.5 TARGET 170.40001|TARGET_EXIT ON 12-Dec-2019|P/L|14.600006
MANAPPURAM|05-Dec-2019|BUY : 162.5 STOPLOSS : 156.3 TARGET 174.9|TARGET_EXIT ON 27-Dec-2019|P/L|14.399994
MANAPPURAM|11-Dec-2019|BUY : 167.0 STOPLOSS : 155.65 TARGET 189.70001|TARGET_EXIT ON 29-Jan-2020|P/L|24.700012
MANAPPURAM|07-Aug-2020|BUY : 162.65 STOPLOSS : 155.15 TARGET 177.65|STOP_LOSS ON 12-Aug-2020|P/L|-8.5
MANAPPURAM|19-Aug-2020|BUY : 162.0 STOPLOSS : 156.15 TARGET 173.70001|STOP_LOSS ON 27-Aug-2020|P/L|-6.850006
MANAPPURAM|21-Jun-2021|BUY : 161.4 STOPLOSS : 155.95 TARGET 172.29999|null
MANGALAM|22-Oct-2020|BUY : 142.1 STOPLOSS : 133.85 TARGET 158.6|TARGET_EXIT ON 14-Nov-2020|P/L|18.5
MANGALAM|28-Oct-2020|BUY : 144.85 STOPLOSS : 135.55 TARGET 163.45001|TARGET_EXIT ON 17-Nov-2020|P/L|20.600006
MANGALAM|02-Jun-2021|BUY : 137.5 STOPLOSS : 125.2 TARGET 162.1|null
MANINDS|04-Aug-2020|BUY : 51.0 STOPLOSS : 45.7 TARGET 61.6|TARGET_EXIT ON 19-Aug-2020|P/L|12.599998
MANINDS|06-Aug-2020|BUY : 52.65 STOPLOSS : 47.8 TARGET 62.350006|TARGET_EXIT ON 19-Aug-2020|P/L|11.700005
MANINDS|02-Jun-2021|BUY : 94.8 STOPLOSS : 90.3 TARGET 103.8|TARGET_EXIT ON 03-Jun-2021|P/L|11.0
METROPOLIS|02-Jul-2019|BUY : 966.0 STOPLOSS : 945.15 TARGET 1007.69995|TARGET_EXIT ON 11-Jul-2019|P/L|41.69995
METROPOLIS|09-Jul-2019|BUY : 969.25 STOPLOSS : 954.1 TARGET 999.55005|TARGET_EXIT ON 10-Jul-2019|P/L|30.300049
MMFL|30-Jul-2020|BUY : 194.65 STOPLOSS : 183.0 TARGET 217.94998|TARGET_EXIT ON 07-Aug-2020|P/L|25.299988
MMFL|04-Aug-2020|BUY : 198.5 STOPLOSS : 185.3 TARGET 224.9|TARGET_EXIT ON 07-Aug-2020|P/L|28.399994
MMFL|13-Oct-2020|BUY : 316.4 STOPLOSS : 300.7 TARGET 347.79996|TARGET_EXIT ON 06-Nov-2020|P/L|33.399963
MMFL|20-Oct-2020|BUY : 316.45 STOPLOSS : 301.5 TARGET 346.35004|TARGET_EXIT ON 06-Nov-2020|P/L|31.900024
MMFL|29-Oct-2020|BUY : 314.5 STOPLOSS : 301.5 TARGET 340.5|TARGET_EXIT ON 06-Nov-2020|P/L|28.0
MMP|17-Jul-2020|BUY : 67.85 STOPLOSS : 64.7 TARGET 74.15|TARGET_EXIT ON 11-Aug-2020|P/L|8.300003
MMP|24-Jul-2020|BUY : 72.85 STOPLOSS : 67.65 TARGET 83.24999|STOP_LOSS ON 27-Jul-2020|P/L|-6.199997
MMP|28-Jul-2020|BUY : 70.75 STOPLOSS : 65.45 TARGET 81.350006|TARGET_EXIT ON 19-Aug-2020|P/L|12.600006
MMP|17-Aug-2020|BUY : 75.5 STOPLOSS : 69.8 TARGET 86.899994|TARGET_EXIT ON 20-Aug-2020|P/L|13.399994
MMTC|23-Feb-2021|BUY : 35.5 STOPLOSS : 29.55 TARGET 47.4|TARGET_EXIT ON 02-Mar-2021|P/L|13.900002
MMTC|27-Apr-2021|BUY : 43.8 STOPLOSS : 38.4 TARGET 54.599995|TARGET_EXIT ON 12-May-2021|P/L|12.799995
MMTC|03-May-2021|BUY : 44.0 STOPLOSS : 40.1 TARGET 51.800003|TARGET_EXIT ON 11-May-2021|P/L|9.800003
MMTC|07-May-2021|BUY : 47.3 STOPLOSS : 42.15 TARGET 57.599995|TARGET_EXIT ON 12-May-2021|P/L|12.299995
NAHARCAP|16-Jan-2019|BUY : 97.8 STOPLOSS : 92.15 TARGET 109.100006|STOP_LOSS ON 23-Jan-2019|P/L|-6.6500015
NAHARCAP|26-Apr-2019|BUY : 90.2 STOPLOSS : 86.75 TARGET 97.09999|STOP_LOSS ON 30-Apr-2019|P/L|-4.449997
NAHARCAP|25-Oct-2019|BUY : 73.5 STOPLOSS : 69.75 TARGET 81.0|TARGET_EXIT ON 13-Nov-2019|P/L|9.5
NAHARCAP|31-Oct-2019|BUY : 76.3 STOPLOSS : 71.15 TARGET 86.600006|STOP_LOSS ON 11-Dec-2019|P/L|-6.1500015
NAHARCAP|06-Jul-2020|BUY : 66.3 STOPLOSS : 61.5 TARGET 75.90001|STOP_LOSS ON 30-Jul-2020|P/L|-5.800003
NAHARCAP|03-Feb-2021|BUY : 87.5 STOPLOSS : 82.05 TARGET 98.399994|TARGET_EXIT ON 09-Mar-2021|P/L|12.899994
NAHARCAP|01-Mar-2021|BUY : 92.3 STOPLOSS : 87.8 TARGET 101.3|TARGET_EXIT ON 09-Mar-2021|P/L|11.0
NAHARCAP|02-Mar-2021|BUY : 94.45 STOPLOSS : 88.6 TARGET 106.149994|TARGET_EXIT ON 09-Mar-2021|P/L|13.699997
NAHARCAP|03-Mar-2021|BUY : 96.4 STOPLOSS : 91.1 TARGET 107.00001|TARGET_EXIT ON 09-Mar-2021|P/L|12.600006
NAHARPOLY|31-Jul-2020|BUY : 62.95 STOPLOSS : 58.8 TARGET 71.25|TARGET_EXIT ON 13-Aug-2020|P/L|10.299999
NAHARPOLY|03-Aug-2020|BUY : 64.9 STOPLOSS : 60.7 TARGET 73.3|TARGET_EXIT ON 13-Aug-2020|P/L|10.400002
NATCOPHARM|11-Oct-2019|BUY : 563.95 STOPLOSS : 550.0 TARGET 591.85004|TARGET_EXIT ON 22-Oct-2019|P/L|27.900024
NATCOPHARM|01-Jun-2020|BUY : 589.25 STOPLOSS : 577.1 TARGET 613.55005|TARGET_EXIT ON 08-Jun-2020|P/L|24.300049
NATCOPHARM|12-Jun-2020|BUY : 605.9 STOPLOSS : 589.05 TARGET 639.6001|TARGET_EXIT ON 16-Jun-2020|P/L|33.700073
NATCOPHARM|23-Dec-2020|BUY : 924.7 STOPLOSS : 906.0 TARGET 962.10004|TARGET_EXIT ON 29-Dec-2020|P/L|37.400024
NATHBIOGEN|03-Jul-2020|BUY : 325.45 STOPLOSS : 313.65 TARGET 349.05005|TARGET_EXIT ON 15-Jul-2020|P/L|25.600037
NATHBIOGEN|31-Jul-2020|BUY : 336.4 STOPLOSS : 326.6 TARGET 355.99997|TARGET_EXIT ON 05-Aug-2020|P/L|21.599976
NCC|25-Jan-2021|BUY : 61.5 STOPLOSS : 57.1 TARGET 70.3|TARGET_EXIT ON 03-Feb-2021|P/L|10.800003
NCC|28-Jan-2021|BUY : 60.75 STOPLOSS : 57.3 TARGET 67.65|TARGET_EXIT ON 03-Feb-2021|P/L|8.900002
NCC|28-Jun-2021|BUY : 87.5 STOPLOSS : 82.1 TARGET 98.3|null
NDRAUTO|01-Feb-2021|BUY : 218.1 STOPLOSS : 202.5 TARGET 249.30002|TARGET_EXIT ON 12-Feb-2021|P/L|33.200012
NDRAUTO|04-Feb-2021|BUY : 226.45 STOPLOSS : 214.55 TARGET 250.24998|TARGET_EXIT ON 15-Feb-2021|P/L|25.799988
NDRAUTO|08-Feb-2021|BUY : 228.1 STOPLOSS : 214.75 TARGET 254.80002|TARGET_EXIT ON 16-Feb-2021|P/L|28.700012
NDRAUTO|25-Feb-2021|BUY : 246.05 STOPLOSS : 234.6 TARGET 268.95|STOP_LOSS ON 26-Feb-2021|P/L|-12.449997
NELCAST|17-Jan-2019|BUY : 83.5 STOPLOSS : 77.6 TARGET 95.3|STOP_LOSS ON 25-Jan-2019|P/L|-6.9000015
NELCAST|17-Jun-2020|BUY : 46.2 STOPLOSS : 42.1 TARGET 54.400005|TARGET_EXIT ON 02-Jul-2020|P/L|10.200005
NELCAST|04-Aug-2020|BUY : 52.0 STOPLOSS : 48.35 TARGET 59.300003|TARGET_EXIT ON 25-Aug-2020|P/L|9.300003
NELCAST|17-Aug-2020|BUY : 53.75 STOPLOSS : 49.3 TARGET 62.65|TARGET_EXIT ON 25-Aug-2020|P/L|10.900002
NELCAST|10-Sep-2020|BUY : 55.65 STOPLOSS : 50.9 TARGET 65.15|TARGET_EXIT ON 11-Jan-2021|P/L|11.5
NELCAST|23-Sep-2020|BUY : 60.75 STOPLOSS : 55.5 TARGET 71.25|STOP_LOSS ON 24-Sep-2020|P/L|-6.25
NELCAST|16-Oct-2020|BUY : 57.1 STOPLOSS : 52.6 TARGET 66.1|STOP_LOSS ON 22-Dec-2020|P/L|-5.5
NELCAST|28-Jan-2021|BUY : 69.3 STOPLOSS : 64.45 TARGET 79.000015|STOP_LOSS ON 15-Mar-2021|P/L|-5.850006
NH|18-Oct-2019|BUY : 238.5 STOPLOSS : 228.75 TARGET 258.0|TARGET_EXIT ON 25-Oct-2019|P/L|21.5
NH|22-Oct-2019|BUY : 244.35 STOPLOSS : 234.5 TARGET 264.05002|TARGET_EXIT ON 25-Oct-2019|P/L|21.700012
NH|10-Sep-2020|BUY : 316.5 STOPLOSS : 306.65 TARGET 336.2|TARGET_EXIT ON 14-Sep-2020|P/L|21.700012
NMDC|29-Mar-2019|BUY : 106.35 STOPLOSS : 101.8 TARGET 115.44999|STOP_LOSS ON 25-Apr-2019|P/L|-5.5499954
NMDC|26-Jul-2019|BUY : 112.5 STOPLOSS : 107.25 TARGET 123.0|STOP_LOSS ON 31-Jul-2019|P/L|-6.25
NMDC|25-Nov-2019|BUY : 104.7 STOPLOSS : 100.0 TARGET 114.09999|TARGET_EXIT ON 16-Dec-2019|P/L|11.399994
NMDC|28-Nov-2019|BUY : 106.4 STOPLOSS : 101.3 TARGET 116.6|TARGET_EXIT ON 18-Dec-2019|P/L|12.199997
NMDC|02-Dec-2019|BUY : 106.95 STOPLOSS : 101.15 TARGET 118.54999|TARGET_EXIT ON 19-Dec-2019|P/L|13.599991
NMDC|17-Jul-2020|BUY : 87.9 STOPLOSS : 82.6 TARGET 98.50001|TARGET_EXIT ON 28-Aug-2020|P/L|12.600006
NMDC|28-Jul-2020|BUY : 85.8 STOPLOSS : 81.8 TARGET 93.8|TARGET_EXIT ON 19-Aug-2020|P/L|10.0
NMDC|29-Jul-2020|BUY : 89.0 STOPLOSS : 84.05 TARGET 98.899994|STOP_LOSS ON 31-Jul-2020|P/L|-5.949997
NMDC|04-Feb-2021|BUY : 117.9 STOPLOSS : 109.7 TARGET 134.30002|TARGET_EXIT ON 03-Mar-2021|P/L|18.400017
NMDC|21-Jun-2021|BUY : 186.2 STOPLOSS : 173.3 TARGET 211.99998|null
ONWARDTEC|25-Jul-2019|BUY : 66.7 STOPLOSS : 61.6 TARGET 76.899994|STOP_LOSS ON 30-Jul-2019|P/L|-6.0999985
ONWARDTEC|26-Nov-2019|BUY : 70.3 STOPLOSS : 66.55 TARGET 77.8|STOP_LOSS ON 11-Dec-2019|P/L|-4.75
ONWARDTEC|03-Feb-2021|BUY : 91.0 STOPLOSS : 86.45 TARGET 100.100006|TARGET_EXIT ON 11-Feb-2021|P/L|11.100006
ONWARDTEC|27-Apr-2021|BUY : 118.5 STOPLOSS : 112.55 TARGET 130.4|TARGET_EXIT ON 25-May-2021|P/L|13.899994
ONWARDTEC|06-May-2021|BUY : 127.2 STOPLOSS : 113.25 TARGET 155.09999|TARGET_EXIT ON 27-May-2021|P/L|29.899994
ORIENTREF|14-Nov-2019|BUY : 215.0 STOPLOSS : 209.5 TARGET 226.0|TARGET_EXIT ON 27-Nov-2019|P/L|13.0
ORIENTREF|23-Dec-2019|BUY : 230.5 STOPLOSS : 222.0 TARGET 247.5|TARGET_EXIT ON 09-Jan-2020|P/L|19.0
ORIENTREF|31-Jul-2020|BUY : 172.85 STOPLOSS : 166.65 TARGET 185.25003|TARGET_EXIT ON 18-Aug-2020|P/L|14.400024
ORIENTREF|10-Sep-2020|BUY : 199.0 STOPLOSS : 183.55 TARGET 229.9|STOP_LOSS ON 22-Oct-2020|P/L|-16.449997
ORIENTREF|28-Sep-2020|BUY : 194.0 STOPLOSS : 187.5 TARGET 207.0|STOP_LOSS ON 13-Oct-2020|P/L|-7.5
ORIENTREF|19-Jan-2021|BUY : 230.45 STOPLOSS : 214.8 TARGET 261.75|STOP_LOSS ON 28-Jan-2021|P/L|-16.649994
ORIENTREF|03-Feb-2021|BUY : 232.45 STOPLOSS : 218.0 TARGET 261.34998|TARGET_EXIT ON 07-Apr-2021|P/L|30.899979
ORIENTREF|17-Jun-2021|BUY : 311.0 STOPLOSS : 300.55 TARGET 331.90002|STOP_LOSS ON 18-Jun-2021|P/L|-11.450012
PALASHSECU|19-Mar-2019|BUY : 41.6 STOPLOSS : 37.5 TARGET 49.799995|STOP_LOSS ON 30-Apr-2019|P/L|-5.0999985
PALASHSECU|18-Mar-2021|BUY : 51.5 STOPLOSS : 46.0 TARGET 62.5|STOP_LOSS ON 26-Mar-2021|P/L|-6.5
PALASHSECU|01-Apr-2021|BUY : 50.6 STOPLOSS : 45.3 TARGET 61.199997|TARGET_EXIT ON 10-May-2021|P/L|12.599998
PALASHSECU|12-Apr-2021|BUY : 53.15 STOPLOSS : 48.2 TARGET 63.050003|TARGET_EXIT ON 11-May-2021|P/L|11.900002
PALASHSECU|20-Apr-2021|BUY : 54.15 STOPLOSS : 48.85 TARGET 64.75001|TARGET_EXIT ON 04-Jun-2021|P/L|12.600006
PALASHSECU|22-Apr-2021|BUY : 53.6 STOPLOSS : 49.4 TARGET 61.999992|TARGET_EXIT ON 11-May-2021|P/L|10.399994
PALASHSECU|29-Apr-2021|BUY : 53.95 STOPLOSS : 50.5 TARGET 60.850002|TARGET_EXIT ON 10-May-2021|P/L|8.900002
PALASHSECU|31-May-2021|BUY : 59.7 STOPLOSS : 54.9 TARGET 69.3|TARGET_EXIT ON 07-Jun-2021|P/L|11.600002
PFOCUS|25-Sep-2020|BUY : 37.95 STOPLOSS : 33.65 TARGET 46.55|TARGET_EXIT ON 18-Dec-2020|P/L|10.599998
PFOCUS|10-Feb-2021|BUY : 52.2 STOPLOSS : 47.8 TARGET 61.000004|TARGET_EXIT ON 26-Feb-2021|P/L|10.800003
PHILIPCARB|06-Aug-2020|BUY : 109.7 STOPLOSS : 100.35 TARGET 128.4|TARGET_EXIT ON 25-Aug-2020|P/L|20.699997
PHILIPCARB|10-Sep-2020|BUY : 118.85 STOPLOSS : 113.0 TARGET 130.54999|TARGET_EXIT ON 29-Sep-2020|P/L|13.699989
PHILIPCARB|25-Sep-2020|BUY : 125.5 STOPLOSS : 116.65 TARGET 143.2|TARGET_EXIT ON 21-Oct-2020|P/L|19.699997
PHILIPCARB|13-Oct-2020|BUY : 136.9 STOPLOSS : 124.5 TARGET 161.69998|TARGET_EXIT ON 19-Nov-2020|P/L|26.799988
PHILIPCARB|23-Mar-2021|BUY : 202.5 STOPLOSS : 192.8 TARGET 221.9|STOP_LOSS ON 24-Mar-2021|P/L|-10.699997
PHILIPCARB|01-Apr-2021|BUY : 202.5 STOPLOSS : 191.15 TARGET 225.20001|STOP_LOSS ON 05-Apr-2021|P/L|-12.350006
PHILIPCARB|21-Jun-2021|BUY : 227.5 STOPLOSS : 216.5 TARGET 249.5|null
PNBHOUSING|20-Jul-2020|BUY : 205.5 STOPLOSS : 197.95 TARGET 220.6|TARGET_EXIT ON 27-Jul-2020|P/L|17.100006
PNBHOUSING|23-Jul-2020|BUY : 210.6 STOPLOSS : 200.85 TARGET 230.1|TARGET_EXIT ON 10-Aug-2020|P/L|21.5
PRAJIND|29-Jan-2019|BUY : 132.5 STOPLOSS : 118.1 TARGET 161.3|TARGET_EXIT ON 06-Mar-2019|P/L|30.800003
PRAJIND|05-Feb-2019|BUY : 133.2 STOPLOSS : 121.25 TARGET 157.09999|TARGET_EXIT ON 06-Mar-2019|P/L|25.899994
PRAJIND|05-Oct-2020|BUY : 76.3 STOPLOSS : 70.55 TARGET 87.8|TARGET_EXIT ON 01-Dec-2020|P/L|13.5
PRAJIND|27-Oct-2020|BUY : 77.8 STOPLOSS : 72.8 TARGET 87.8|TARGET_EXIT ON 01-Dec-2020|P/L|12.0
PRAJIND|28-Jan-2021|BUY : 120.2 STOPLOSS : 109.5 TARGET 141.59999|TARGET_EXIT ON 18-Feb-2021|P/L|23.399994
PRAJIND|01-Feb-2021|BUY : 126.05 STOPLOSS : 112.55 TARGET 153.05|TARGET_EXIT ON 26-Feb-2021|P/L|29.0
PRAXIS|07-Dec-2020|BUY : 39.4 STOPLOSS : 34.25 TARGET 49.700005|TARGET_EXIT ON 06-Jan-2021|P/L|12.300003
PRAXIS|28-Dec-2020|BUY : 42.0 STOPLOSS : 37.8 TARGET 50.4|TARGET_EXIT ON 06-Jan-2021|P/L|10.400002
PRESTIGE|22-Jan-2019|BUY : 216.5 STOPLOSS : 204.85 TARGET 239.79999|STOP_LOSS ON 25-Jan-2019|P/L|-12.649994
PRESTIGE|20-May-2019|BUY : 263.2 STOPLOSS : 255.75 TARGET 278.10004|TARGET_EXIT ON 27-May-2019|P/L|16.900024
PRESTIGE|21-May-2019|BUY : 267.5 STOPLOSS : 256.35 TARGET 289.8|TARGET_EXIT ON 29-May-2019|P/L|24.299988
PRESTIGE|19-Jul-2019|BUY : 278.45 STOPLOSS : 271.05 TARGET 293.25006|STOP_LOSS ON 22-Jul-2019|P/L|-8.400024
PRESTIGE|15-Oct-2019|BUY : 293.25 STOPLOSS : 281.3 TARGET 317.15002|TARGET_EXIT ON 23-Oct-2019|P/L|25.900024
PRESTIGE|18-Oct-2019|BUY : 302.25 STOPLOSS : 286.5 TARGET 333.75|STOP_LOSS ON 15-Nov-2019|P/L|-16.75
PRESTIGE|03-Aug-2020|BUY : 204.5 STOPLOSS : 193.75 TARGET 226.0|TARGET_EXIT ON 07-Aug-2020|P/L|23.5
PRESTIGE|25-Sep-2020|BUY : 246.4 STOPLOSS : 234.8 TARGET 269.59998|TARGET_EXIT ON 18-Nov-2020|P/L|25.199982
PRESTIGE|30-Sep-2020|BUY : 254.5 STOPLOSS : 241.8 TARGET 279.9|STOP_LOSS ON 29-Oct-2020|P/L|-13.699997
PRESTIGE|14-Oct-2020|BUY : 262.5 STOPLOSS : 246.6 TARGET 294.3|STOP_LOSS ON 15-Oct-2020|P/L|-16.899994
PRESTIGE|20-Oct-2020|BUY : 262.45 STOPLOSS : 250.45 TARGET 286.45004|STOP_LOSS ON 21-Oct-2020|P/L|-13.000015
PRESTIGE|23-Dec-2020|BUY : 271.05 STOPLOSS : 257.5 TARGET 298.14996|TARGET_EXIT ON 12-Jan-2021|P/L|29.099976
PRESTIGE|04-Jan-2021|BUY : 274.5 STOPLOSS : 268.15 TARGET 287.2|TARGET_EXIT ON 08-Jan-2021|P/L|14.700012
PRESTIGE|05-Jan-2021|BUY : 281.35 STOPLOSS : 267.65 TARGET 308.75003|STOP_LOSS ON 28-Jan-2021|P/L|-14.700012
PRESTIGE|01-Feb-2021|BUY : 283.1 STOPLOSS : 268.45 TARGET 312.4|TARGET_EXIT ON 18-Feb-2021|P/L|31.299988
PRESTIGE|13-Apr-2021|BUY : 303.2 STOPLOSS : 290.15 TARGET 329.30005|STOP_LOSS ON 15-Apr-2021|P/L|-14.050018
PRICOLLTD|19-Mar-2021|BUY : 65.35 STOPLOSS : 59.5 TARGET 77.049995|TARGET_EXIT ON 26-Apr-2021|P/L|13.699997
PRICOLLTD|02-Jun-2021|BUY : 84.2 STOPLOSS : 79.0 TARGET 94.59999|TARGET_EXIT ON 15-Jun-2021|P/L|12.399994
PRINCEPIPE|17-Jul-2020|BUY : 108.45 STOPLOSS : 102.35 TARGET 120.649994|null
PRINCEPIPE|29-Jul-2020|BUY : 111.7 STOPLOSS : 104.6 TARGET 125.899994|TARGET_EXIT ON 07-Aug-2020|P/L|16.199997
PRINCEPIPE|03-Aug-2020|BUY : 117.0 STOPLOSS : 106.65 TARGET 137.7|TARGET_EXIT ON 07-Aug-2020|P/L|22.699997
PRINCEPIPE|03-Nov-2020|BUY : 238.4 STOPLOSS : 222.5 TARGET 270.19998|TARGET_EXIT ON 18-Nov-2020|P/L|33.799988
PRINCEPIPE|22-Dec-2020|BUY : 258.0 STOPLOSS : 244.05 TARGET 285.9|TARGET_EXIT ON 30-Dec-2020|P/L|29.899994
PRINCEPIPE|23-Dec-2020|BUY : 267.45 STOPLOSS : 251.75 TARGET 298.85004|TARGET_EXIT ON 01-Jan-2021|P/L|33.400024
PRSMJOHNSN|10-Jan-2019|BUY : 89.2 STOPLOSS : 85.5 TARGET 96.59999|STOP_LOSS ON 14-Jan-2019|P/L|-4.699997
PRSMJOHNSN|04-Aug-2020|BUY : 48.7 STOPLOSS : 44.8 TARGET 56.500004|TARGET_EXIT ON 24-Aug-2020|P/L|9.800003
PRSMJOHNSN|11-Aug-2020|BUY : 50.2 STOPLOSS : 45.85 TARGET 58.900005|TARGET_EXIT ON 27-Aug-2020|P/L|10.700005
PRSMJOHNSN|18-Jan-2021|BUY : 88.5 STOPLOSS : 82.95 TARGET 99.600006|TARGET_EXIT ON 02-Feb-2021|P/L|13.100006
PRSMJOHNSN|25-Jan-2021|BUY : 89.5 STOPLOSS : 84.15 TARGET 100.2|TARGET_EXIT ON 02-Feb-2021|P/L|12.699997
PRSMJOHNSN|19-Apr-2021|BUY : 129.5 STOPLOSS : 117.35 TARGET 153.8|null
PRSMJOHNSN|02-Jun-2021|BUY : 132.35 STOPLOSS : 124.55 TARGET 147.95001|null
PRSMJOHNSN|03-Jun-2021|BUY : 138.5 STOPLOSS : 130.45 TARGET 154.6|STOP_LOSS ON 14-Jun-2021|P/L|-9.050003
PTC|29-Jan-2021|BUY : 61.5 STOPLOSS : 58.2 TARGET 68.1|TARGET_EXIT ON 11-Feb-2021|P/L|8.599998
PTC|03-May-2021|BUY : 85.25 STOPLOSS : 80.4 TARGET 94.95|TARGET_EXIT ON 17-May-2021|P/L|11.699997
QUICKHEAL|28-May-2020|BUY : 103.9 STOPLOSS : 99.3 TARGET 113.1|TARGET_EXIT ON 23-Jun-2020|P/L|11.199997
QUICKHEAL|23-Jun-2020|BUY : 120.5 STOPLOSS : 109.45 TARGET 142.6|TARGET_EXIT ON 11-Aug-2020|P/L|24.100006
QUICKHEAL|06-May-2021|BUY : 188.85 STOPLOSS : 181.45 TARGET 203.65002|null
RAIN|04-Feb-2020|BUY : 108.5 STOPLOSS : 102.05 TARGET 121.399994|STOP_LOSS ON 18-Feb-2020|P/L|-7.449997
RAIN|06-Feb-2020|BUY : 114.9 STOPLOSS : 107.8 TARGET 129.1|STOP_LOSS ON 12-Feb-2020|P/L|-8.099998
RAIN|12-Jun-2020|BUY : 74.8 STOPLOSS : 70.1 TARGET 84.20001|TARGET_EXIT ON 23-Jun-2020|P/L|11.400009
RAIN|10-Sep-2020|BUY : 113.1 STOPLOSS : 107.05 TARGET 125.19999|STOP_LOSS ON 17-Sep-2020|P/L|-7.0499954
RAIN|22-Dec-2020|BUY : 119.1 STOPLOSS : 110.1 TARGET 137.1|TARGET_EXIT ON 01-Jan-2021|P/L|20.000008
RAIN|23-Dec-2020|BUY : 123.2 STOPLOSS : 115.9 TARGET 137.79999|TARGET_EXIT ON 01-Jan-2021|P/L|16.59999
RAIN|08-Feb-2021|BUY : 141.6 STOPLOSS : 131.1 TARGET 162.6|TARGET_EXIT ON 24-Feb-2021|P/L|23.0
RAIN|15-Mar-2021|BUY : 158.5 STOPLOSS : 143.1 TARGET 189.29999|STOP_LOSS ON 19-Mar-2021|P/L|-16.399994
RAIN|13-Apr-2021|BUY : 157.4 STOPLOSS : 150.3 TARGET 171.59998|TARGET_EXIT ON 23-Apr-2021|P/L|16.199982
RAIN|15-Apr-2021|BUY : 159.95 STOPLOSS : 150.8 TARGET 178.24998|TARGET_EXIT ON 26-Apr-2021|P/L|20.299988
RAIN|19-Apr-2021|BUY : 164.6 STOPLOSS : 152.6 TARGET 188.6|TARGET_EXIT ON 30-Apr-2021|P/L|26.0
RAJRATAN|25-Sep-2020|BUY : 315.2 STOPLOSS : 302.05 TARGET 341.50006|TARGET_EXIT ON 06-Oct-2020|P/L|28.300049
RAJRATAN|16-Oct-2020|BUY : 328.95 STOPLOSS : 319.55 TARGET 347.75006|TARGET_EXIT ON 22-Oct-2020|P/L|20.800049
RELIGARE|10-May-2019|BUY : 31.2 STOPLOSS : 27.3 TARGET 39.000004|STOP_LOSS ON 14-May-2019|P/L|-4.9000015
RELIGARE|29-Sep-2020|BUY : 45.85 STOPLOSS : 40.55 TARGET 56.449997|TARGET_EXIT ON 25-Nov-2020|P/L|12.599998
RELIGARE|03-Feb-2021|BUY : 68.4 STOPLOSS : 62.75 TARGET 79.700005|TARGET_EXIT ON 24-Feb-2021|P/L|13.300003
RELIGARE|18-May-2021|BUY : 96.2 STOPLOSS : 91.8 TARGET 104.999985|TARGET_EXIT ON 25-May-2021|P/L|10.799988
REMSONSIND|29-Jul-2020|BUY : 70.0 STOPLOSS : 65.0 TARGET 80.0|TARGET_EXIT ON 18-Aug-2020|P/L|12.0
REMSONSIND|01-Oct-2020|BUY : 86.3 STOPLOSS : 80.5 TARGET 97.90001|STOP_LOSS ON 08-Oct-2020|P/L|-6.800003
REMSONSIND|07-Oct-2020|BUY : 86.5 STOPLOSS : 81.9 TARGET 95.7|STOP_LOSS ON 08-Oct-2020|P/L|-5.5999985
REMSONSIND|04-Feb-2021|BUY : 114.0 STOPLOSS : 107.6 TARGET 126.8|TARGET_EXIT ON 11-Feb-2021|P/L|14.800003
REMSONSIND|19-Mar-2021|BUY : 140.1 STOPLOSS : 126.25 TARGET 167.80002|TARGET_EXIT ON 26-Apr-2021|P/L|29.700012
REMSONSIND|30-Mar-2021|BUY : 149.25 STOPLOSS : 134.15 TARGET 179.45001|TARGET_EXIT ON 24-May-2021|P/L|32.200012
REMSONSIND|23-Apr-2021|BUY : 157.95 STOPLOSS : 144.6 TARGET 184.64998|TARGET_EXIT ON 25-May-2021|P/L|28.699982
REPCOHOME|19-Aug-2020|BUY : 140.0 STOPLOSS : 132.1 TARGET 155.79999|TARGET_EXIT ON 25-Aug-2020|P/L|17.799988
REPCOHOME|25-Sep-2020|BUY : 165.25 STOPLOSS : 155.7 TARGET 184.35|TARGET_EXIT ON 07-Oct-2020|P/L|21.100006
REPCOHOME|23-Dec-2020|BUY : 240.5 STOPLOSS : 229.5 TARGET 262.5|TARGET_EXIT ON 12-Jan-2021|P/L|24.0
REPCOHOME|01-Jan-2021|BUY : 243.95 STOPLOSS : 233.35 TARGET 265.14996|TARGET_EXIT ON 12-Jan-2021|P/L|23.199966
REPCOHOME|07-Jan-2021|BUY : 253.65 STOPLOSS : 240.5 TARGET 279.94998|STOP_LOSS ON 28-Jan-2021|P/L|-14.149994
REPCOHOME|01-Feb-2021|BUY : 255.5 STOPLOSS : 239.6 TARGET 287.3|TARGET_EXIT ON 17-Feb-2021|P/L|33.799988
REPCOHOME|28-Apr-2021|BUY : 334.95 STOPLOSS : 324.5 TARGET 355.85004|STOP_LOSS ON 30-Apr-2021|P/L|-11.450012
REPCOHOME|03-May-2021|BUY : 331.5 STOPLOSS : 319.75 TARGET 355.0|TARGET_EXIT ON 05-May-2021|P/L|25.5
ROHLTD|12-Nov-2020|BUY : 67.15 STOPLOSS : 61.7 TARGET 78.05|TARGET_EXIT ON 16-Dec-2020|P/L|12.900002
ROHLTD|17-Nov-2020|BUY : 69.1 STOPLOSS : 65.45 TARGET 76.4|TARGET_EXIT ON 16-Dec-2020|P/L|9.300003
RPGLIFE|19-Jan-2021|BUY : 373.0 STOPLOSS : 362.5 TARGET 394.0|TARGET_EXIT ON 20-Jan-2021|P/L|23.0
RPGLIFE|17-May-2021|BUY : 437.3 STOPLOSS : 420.8 TARGET 470.3|TARGET_EXIT ON 20-May-2021|P/L|33.0
SBIN|14-May-2019|BUY : 317.25 STOPLOSS : 304.6 TARGET 342.55|TARGET_EXIT ON 20-May-2019|P/L|27.299988
SBIN|16-May-2019|BUY : 317.6 STOPLOSS : 309.05 TARGET 334.70004|TARGET_EXIT ON 20-May-2019|P/L|19.100037
SBIN|09-Jan-2020|BUY : 331.9 STOPLOSS : 324.5 TARGET 346.69998|STOP_LOSS ON 15-Jan-2020|P/L|-8.399994
SBIN|31-Jul-2020|BUY : 195.35 STOPLOSS : 186.2 TARGET 213.65002|TARGET_EXIT ON 27-Aug-2020|P/L|20.300018
SBIN|11-Sep-2020|BUY : 204.35 STOPLOSS : 196.5 TARGET 220.05002|STOP_LOSS ON 17-Sep-2020|P/L|-8.850006
SBIN|28-Jan-2021|BUY : 283.85 STOPLOSS : 269.0 TARGET 313.55002|TARGET_EXIT ON 02-Feb-2021|P/L|31.700012
SCHNEIDER|26-Jun-2020|BUY : 88.2 STOPLOSS : 82.5 TARGET 99.59999|STOP_LOSS ON 29-Jun-2020|P/L|-6.699997
SCHNEIDER|28-Dec-2020|BUY : 85.7 STOPLOSS : 81.3 TARGET 94.499985|TARGET_EXIT ON 12-Jan-2021|P/L|10.799988
SCHNEIDER|30-Dec-2020|BUY : 86.5 STOPLOSS : 81.5 TARGET 96.5|TARGET_EXIT ON 14-Jan-2021|P/L|12.0
SCHNEIDER|04-Jan-2021|BUY : 90.55 STOPLOSS : 84.7 TARGET 102.250015|TARGET_EXIT ON 20-Jan-2021|P/L|13.700012
SONATSOFTW|20-Mar-2019|BUY : 334.95 STOPLOSS : 322.5 TARGET 359.85004|TARGET_EXIT ON 03-Apr-2019|P/L|26.900024
SONATSOFTW|26-Mar-2019|BUY : 334.25 STOPLOSS : 325.55 TARGET 351.65002|TARGET_EXIT ON 03-Apr-2019|P/L|19.400024
SONATSOFTW|27-Mar-2019|BUY : 339.5 STOPLOSS : 331.0 TARGET 356.5|TARGET_EXIT ON 03-Apr-2019|P/L|19.0
SONATSOFTW|12-Jul-2019|BUY : 355.0 STOPLOSS : 345.5 TARGET 374.0|STOP_LOSS ON 15-Jul-2019|P/L|-10.5
SONATSOFTW|17-Jul-2019|BUY : 358.1 STOPLOSS : 344.25 TARGET 385.80002|STOP_LOSS ON 19-Jul-2019|P/L|-14.850006
SONATSOFTW|09-Nov-2020|BUY : 339.5 STOPLOSS : 328.0 TARGET 362.5|STOP_LOSS ON 10-Nov-2020|P/L|-12.5
SONATSOFTW|11-Nov-2020|BUY : 337.0 STOPLOSS : 328.9 TARGET 353.2|TARGET_EXIT ON 09-Dec-2020|P/L|18.200012
SONATSOFTW|12-Nov-2020|BUY : 342.4 STOPLOSS : 331.05 TARGET 365.1|TARGET_EXIT ON 17-Dec-2020|P/L|24.700012
SONATSOFTW|07-Dec-2020|BUY : 350.0 STOPLOSS : 342.0 TARGET 366.0|TARGET_EXIT ON 17-Dec-2020|P/L|18.0
SONATSOFTW|09-Dec-2020|BUY : 356.5 STOPLOSS : 342.55 TARGET 384.40002|STOP_LOSS ON 22-Dec-2020|P/L|-14.950012
SONATSOFTW|19-Feb-2021|BUY : 405.3 STOPLOSS : 390.5 TARGET 434.89996|TARGET_EXIT ON 22-Feb-2021|P/L|31.599976
SOUTHWEST|04-Dec-2020|BUY : 35.65 STOPLOSS : 32.5 TARGET 41.950005|TARGET_EXIT ON 06-Jan-2021|P/L|8.300003
SOUTHWEST|09-Dec-2020|BUY : 39.65 STOPLOSS : 35.05 TARGET 48.850006|TARGET_EXIT ON 01-Feb-2021|P/L|11.200005
SOUTHWEST|15-Dec-2020|BUY : 40.8 STOPLOSS : 36.55 TARGET 49.3|TARGET_EXIT ON 01-Feb-2021|P/L|10.5
SOUTHWEST|29-Dec-2020|BUY : 42.6 STOPLOSS : 37.75 TARGET 52.299995|TARGET_EXIT ON 03-Feb-2021|P/L|11.699997
SOUTHWEST|19-Feb-2021|BUY : 50.25 STOPLOSS : 46.15 TARGET 58.449997|STOP_LOSS ON 05-Mar-2021|P/L|-5.0999985
STLTECH|04-Aug-2020|BUY : 124.0 STOPLOSS : 115.05 TARGET 141.9|TARGET_EXIT ON 17-Aug-2020|P/L|19.899994
STLTECH|07-Aug-2020|BUY : 125.95 STOPLOSS : 120.55 TARGET 136.74998|TARGET_EXIT ON 17-Aug-2020|P/L|12.799988
STLTECH|10-Aug-2020|BUY : 133.45 STOPLOSS : 124.75 TARGET 150.84999|TARGET_EXIT ON 17-Aug-2020|P/L|19.399994
STLTECH|14-Oct-2020|BUY : 152.95 STOPLOSS : 142.85 TARGET 173.14998|TARGET_EXIT ON 29-Dec-2020|P/L|22.199982
STLTECH|22-Oct-2020|BUY : 160.4 STOPLOSS : 150.6 TARGET 179.99997|STOP_LOSS ON 27-Oct-2020|P/L|-10.799988
STLTECH|27-Jan-2021|BUY : 180.1 STOPLOSS : 170.95 TARGET 198.40002|TARGET_EXIT ON 17-Feb-2021|P/L|20.300018
STLTECH|28-Jan-2021|BUY : 179.9 STOPLOSS : 173.5 TARGET 192.69998|STOP_LOSS ON 12-Feb-2021|P/L|-7.399994
STLTECH|08-Feb-2021|BUY : 185.8 STOPLOSS : 175.75 TARGET 205.90001|STOP_LOSS ON 12-Feb-2021|P/L|-11.050003
STLTECH|15-Feb-2021|BUY : 182.4 STOPLOSS : 174.25 TARGET 198.69998|TARGET_EXIT ON 17-Feb-2021|P/L|18.299988
STLTECH|16-Feb-2021|BUY : 190.25 STOPLOSS : 179.8 TARGET 211.15|TARGET_EXIT ON 22-Feb-2021|P/L|22.899994
STLTECH|30-Mar-2021|BUY : 200.5 STOPLOSS : 193.3 TARGET 214.9|TARGET_EXIT ON 07-Apr-2021|P/L|16.399994
STLTECH|01-Apr-2021|BUY : 208.4 STOPLOSS : 194.5 TARGET 236.19998|TARGET_EXIT ON 26-Apr-2021|P/L|29.799988
SUPPETRO|31-Jul-2020|BUY : 184.0 STOPLOSS : 175.25 TARGET 201.5|TARGET_EXIT ON 19-Aug-2020|P/L|19.5
SUPPETRO|05-Aug-2020|BUY : 187.0 STOPLOSS : 177.6 TARGET 205.79999|TARGET_EXIT ON 20-Aug-2020|P/L|20.799988
SUPPETRO|10-Feb-2021|BUY : 382.0 STOPLOSS : 366.5 TARGET 413.0|TARGET_EXIT ON 25-Feb-2021|P/L|33.0
TARMAT|21-Jul-2020|BUY : 29.1 STOPLOSS : 24.8 TARGET 37.700005|TARGET_EXIT ON 20-Aug-2020|P/L|10.600004
TARMAT|23-Jul-2020|BUY : 29.5 STOPLOSS : 25.1 TARGET 38.3|TARGET_EXIT ON 20-Aug-2020|P/L|10.799999
TARMAT|07-Sep-2020|BUY : 37.95 STOPLOSS : 34.0 TARGET 45.850002|TARGET_EXIT ON 07-Dec-2020|P/L|9.900002
TARMAT|15-Feb-2021|BUY : 55.85 STOPLOSS : 51.0 TARGET 65.549995|STOP_LOSS ON 26-Feb-2021|P/L|-5.8499985
TATACONSUM|04-Jan-2019|BUY : 215.4 STOPLOSS : 209.5 TARGET 227.19998|STOP_LOSS ON 25-Jan-2019|P/L|-6.899994
TATACONSUM|10-Jan-2019|BUY : 215.7 STOPLOSS : 211.55 TARGET 223.99998|STOP_LOSS ON 14-Jan-2019|P/L|-5.149994
TATACONSUM|17-Jan-2019|BUY : 219.25 STOPLOSS : 214.55 TARGET 228.65|STOP_LOSS ON 18-Jan-2019|P/L|-5.699997
TATACONSUM|24-Apr-2019|BUY : 212.45 STOPLOSS : 200.15 TARGET 237.05|STOP_LOSS ON 07-May-2019|P/L|-13.300003
TATACONSUM|26-Jul-2019|BUY : 261.0 STOPLOSS : 249.9 TARGET 283.2|STOP_LOSS ON 30-Jul-2019|P/L|-12.100006
TATACONSUM|01-Aug-2019|BUY : 263.0 STOPLOSS : 250.0 TARGET 289.0|TARGET_EXIT ON 30-Oct-2019|P/L|28.0
TATACONSUM|23-Aug-2019|BUY : 267.75 STOPLOSS : 256.35 TARGET 290.55|STOP_LOSS ON 16-Sep-2019|P/L|-12.399994
TATACONSUM|09-Oct-2019|BUY : 272.15 STOPLOSS : 263.75 TARGET 288.94998|TARGET_EXIT ON 30-Oct-2019|P/L|18.799988
TATACONSUM|11-Oct-2019|BUY : 274.4 STOPLOSS : 265.35 TARGET 292.49997|TARGET_EXIT ON 30-Oct-2019|P/L|20.099976
TATACONSUM|08-Jan-2020|BUY : 317.85 STOPLOSS : 311.0 TARGET 331.55002|TARGET_EXIT ON 10-Jan-2020|P/L|15.700012
TATACONSUM|14-May-2021|BUY : 650.5 STOPLOSS : 637.05 TARGET 677.4|TARGET_EXIT ON 03-Jun-2021|P/L|26.900024
TATACONSUM|21-May-2021|BUY : 653.5 STOPLOSS : 643.3 TARGET 673.9|STOP_LOSS ON 24-May-2021|P/L|-10.200012
TATACONSUM|25-May-2021|BUY : 653.0 STOPLOSS : 640.0 TARGET 679.0|TARGET_EXIT ON 03-Jun-2021|P/L|26.0
TATACONSUM|28-May-2021|BUY : 658.7 STOPLOSS : 645.3 TARGET 685.50006|TARGET_EXIT ON 04-Jun-2021|P/L|26.800049
TECHM|17-Jan-2019|BUY : 710.1 STOPLOSS : 695.0 TARGET 740.2999|TARGET_EXIT ON 29-Jan-2019|P/L|30.199951
TECHM|15-Apr-2019|BUY : 800.4 STOPLOSS : 784.0 TARGET 833.2001|TARGET_EXIT ON 30-Apr-2019|P/L|32.80005
TECHM|02-Jan-2020|BUY : 770.15 STOPLOSS : 760.0 TARGET 790.4501|TARGET_EXIT ON 14-Jan-2020|P/L|20.300049
TECHM|11-Feb-2021|BUY : 989.65 STOPLOSS : 971.85 TARGET 1025.2501|STOP_LOSS ON 17-Feb-2021|P/L|-17.800049
UJJIVAN|21-Feb-2019|BUY : 284.5 STOPLOSS : 271.55 TARGET 310.40002|STOP_LOSS ON 26-Feb-2019|P/L|-13.950012
UJJIVAN|01-Mar-2019|BUY : 289.7 STOPLOSS : 278.2 TARGET 312.7|TARGET_EXIT ON 06-Mar-2019|P/L|25.0
UJJIVAN|12-Jun-2019|BUY : 337.5 STOPLOSS : 323.8 TARGET 364.90002|STOP_LOSS ON 19-Jun-2019|P/L|-14.700012
UJJIVAN|09-Oct-2019|BUY : 306.35 STOPLOSS : 291.5 TARGET 336.05002|STOP_LOSS ON 24-Oct-2019|P/L|-15.850006
UJJIVAN|21-Jan-2020|BUY : 337.35 STOPLOSS : 324.5 TARGET 363.05002|TARGET_EXIT ON 24-Jan-2020|P/L|27.700012
UJJIVAN|23-Jan-2020|BUY : 348.9 STOPLOSS : 334.5 TARGET 377.69998|TARGET_EXIT ON 28-Jan-2020|P/L|30.799988
UJJIVAN|07-Aug-2020|BUY : 244.1 STOPLOSS : 230.5 TARGET 271.30002|TARGET_EXIT ON 31-Aug-2020|P/L|29.200012
UJJIVAN|18-Aug-2020|BUY : 244.95 STOPLOSS : 236.75 TARGET 261.34998|TARGET_EXIT ON 28-Aug-2020|P/L|18.399979
WABAG|08-Jan-2019|BUY : 280.0 STOPLOSS : 265.65 TARGET 308.7|TARGET_EXIT ON 10-Jan-2019|P/L|30.700012
WABAG|12-Feb-2019|BUY : 283.8 STOPLOSS : 270.9 TARGET 309.59998|STOP_LOSS ON 18-Feb-2019|P/L|-13.899994
WABAG|22-Feb-2019|BUY : 289.5 STOPLOSS : 274.5 TARGET 319.5|TARGET_EXIT ON 05-Mar-2019|P/L|32.0
WABAG|26-Feb-2019|BUY : 290.4 STOPLOSS : 279.5 TARGET 312.19998|TARGET_EXIT ON 01-Mar-2019|P/L|23.799988
WABAG|27-Feb-2019|BUY : 293.5 STOPLOSS : 284.85 TARGET 310.8|TARGET_EXIT ON 28-Feb-2019|P/L|19.299988
WABAG|08-Apr-2019|BUY : 318.4 STOPLOSS : 307.6 TARGET 339.99997|STOP_LOSS ON 11-Apr-2019|P/L|-11.799988
WABAG|17-Jun-2020|BUY : 109.4 STOPLOSS : 101.45 TARGET 125.30001|TARGET_EXIT ON 28-Jul-2020|P/L|17.90001
WABAG|18-Jun-2020|BUY : 112.9 STOPLOSS : 105.5 TARGET 127.700005|TARGET_EXIT ON 28-Jul-2020|P/L|16.80001
WABAG|20-Jan-2021|BUY : 205.25 STOPLOSS : 200.5 TARGET 214.75|STOP_LOSS ON 21-Jan-2021|P/L|-5.75
Monthly Report 
Jul-2021|0.0
Mar-2019|79.65005493164062
Jul-2020|453.95011711120605
Jun-2019|69.80001068115234
May-2020|51.50001525878906
May-2021|304.0000648498535
Apr-2021|294.39986419677734
Jan-2020|230.1500701904297
Nov-2020|105.30001068115234
Jan-2021|346.3999938964844
Aug-2020|825.3499221801758
Feb-2020|110.04997253417969
Feb-2021|644.899845123291
Dec-2019|229.69998168945312
Oct-2019|154.20000457763672
Aug-2019|-5.8999786376953125
Oct-2020|346.6999702453613
Dec-2020|493.14995193481445
Nov-2019|28.499988555908203
Feb-2019|202.99999237060547
Jan-2019|-26.29998779296875
May-2019|170.2000503540039
Sep-2020|513.1000633239746
Jun-2020|587.3001556396484
Apr-2019|21.60009765625
Jun-2021|106.5999755859375
Mar-2021|107.80004119873047
Jul-2019|-96.75001907348633
Yearly Report 
2019|827.7001953125
2021|1804.0997848510742
2020|3716.5502490997314
Symbol|Trades Found|Target Exit Count|Stop Loss Count|Overall P/L
ADANIENT|7|6|1|11
ADHUNIKIND|4|3|1|5
ADORWELD|8|4|4|4
ADSL|4|4|0|8
ALBERTDAVD|4|3|1|5
APCOTEXIND|6|4|1|7
APEX|2|2|0|4
APOLLOTYRE|12|7|3|11
ARIES|7|4|3|5
ASHIANA|8|4|4|4
BALAMINES|2|2|0|4
BALRAMCHIN|12|7|5|9
BANARBEADS|2|2|0|4
BHAGERIA|5|3|2|4
BRIGADE|13|6|7|5
CADILAHC|11|5|6|4
CAMLINFINE|7|4|3|5
CANTABIL|8|5|3|7
CAPACITE|9|5|4|6
CESCVENT|2|2|0|4
CLEDUCATE|6|4|2|6
CUMMINSIND|2|2|0|4
DCBBANK|7|3|2|4
DEEPAKNTR|3|3|0|6
EVERESTIND|3|3|0|6
FACT|7|5|2|8
FDC|5|3|2|4
FEDERALBNK|7|4|2|6
GANESHHOUC|2|2|0|4
GANGESSECU|7|5|2|8
GEECEE|3|3|0|6
GEEKAYWIRE|2|2|0|4
GHCL|10|6|4|8
GOLDIAM|5|3|2|4
GSFC|7|4|2|6
GULPOLY|8|6|2|10
HEIDELBERG|11|6|5|7
HIMATSEIDE|8|6|2|10
HINDOILEXP|6|4|2|6
HINDZINC|6|4|1|7
HITECH|6|4|2|6
HOVS|2|2|0|4
HSIL|4|3|1|5
IBREALEST|7|4|3|5
IGL|7|5|2|8
IMPAL|6|6|0|12
INDSWFTLAB|6|5|1|9
INOXWIND|4|3|1|5
ITI|2|2|0|4
JAYBARMARU|7|5|2|8
JBCHEPHARM|9|5|4|6
JBMA|3|3|0|6
JINDALSAW|6|4|2|6
JMCPROJECT|8|4|4|4
JSWENERGY|4|4|0|8
JSWSTEEL|8|4|4|4
KALPATPOWR|6|4|2|6
KIRLOSBROS|5|4|1|7
KIRLOSENG|6|4|2|6
KOPRAN|5|4|1|7
KPITTECH|7|4|3|5
LIBERTSHOE|4|3|1|5
LICHSGFIN|5|4|1|7
LUMAXTECH|5|3|2|4
MANAPPURAM|8|4|3|5
MANGALAM|3|2|0|4
MANINDS|3|3|0|6
METROPOLIS|2|2|0|4
MMFL|5|5|0|10
MMP|4|3|1|5
MMTC|4|4|0|8
NAHARCAP|9|5|4|6
NAHARPOLY|2|2|0|4
NATCOPHARM|4|4|0|8
NATHBIOGEN|2|2|0|4
NCC|3|2|0|4
NDRAUTO|4|3|1|5
NELCAST|8|4|4|4
NH|3|3|0|6
NMDC|10|6|3|9
ONWARDTEC|5|3|2|4
ORIENTREF|8|4|4|4
PALASHSECU|8|6|2|10
PFOCUS|2|2|0|4
PHILIPCARB|7|4|2|6
PNBHOUSING|2|2|0|4
PRAJIND|6|6|0|12
PRAXIS|2|2|0|4
PRESTIGE|16|8|8|8
PRICOLLTD|2|2|0|4
PRINCEPIPE|6|5|0|10
PRSMJOHNSN|8|4|2|6
PTC|2|2|0|4
QUICKHEAL|3|2|0|4
RAIN|11|7|4|10
RAJRATAN|2|2|0|4
RELIGARE|4|3|1|5
REMSONSIND|7|5|2|8
REPCOHOME|8|6|2|10
ROHLTD|2|2|0|4
RPGLIFE|2|2|0|4
SBIN|6|4|2|6
SCHNEIDER|4|3|1|5
SONATSOFTW|11|7|4|10
SOUTHWEST|5|4|1|7
STLTECH|12|9|3|15
SUPPETRO|3|3|0|6
TARMAT|4|3|1|5
TATACONSUM|14|7|7|7
TECHM|4|3|1|5
UJJIVAN|8|5|3|7
WABAG|9|6|3|9
